<?xml version="1.0" encoding="UTF-8"?>
<!-- Generated by org.testng.reporters.JUnitReportReporter -->
<testsuite hostname="LAPTOP-8NLP0KEN" failures="0" tests="3" name="com.web.HomePageTest" time="92.704" errors="0" timestamp="2026-02-11T16:38:44 EST" skipped="0">
  <testcase classname="com.web.HomePageTest" name="verifyGetStartedNavigation" time="32.121"/>
  <testcase classname="com.web.HomePageTest" name="verifyHomePageHeader" time="7.252"/>
  <testcase classname="com.web.HomePageTest" name="validateGetStartedButtonNavigation" time="53.331"/>
</testsuite> <!-- com.web.HomePageTest -->
