<?xml version="1.0" encoding="UTF-8"?>
<testng-results ignored="0" total="1" passed="1" failed="0" skipped="0">
  <reporter-output>
  </reporter-output>
  <suite started-at="2026-02-26T16:37:41 EST" name="Mobile Automation Suite" finished-at="2026-02-26T16:37:49 EST" duration-ms="7890">
    <groups>
    </groups>
    <test started-at="2026-02-26T16:37:41 EST" name="Calculator Test - Android" finished-at="2026-02-26T16:37:49 EST" duration-ms="7890">
      <class name="com.mobile.tests.CalculatorTest">
        <test-method is-config="true" signature="setUp(java.lang.String)[pri:0, instance:com.mobile.tests.CalculatorTest@7e07db1f]" started-at="2026-02-26T16:37:42 EST" name="setUp" finished-at="2026-02-26T16:37:46 EST" duration-ms="4560" status="PASS">
          <params>
            <param index="0">
              <value>
                <![CDATA[Android]]>
              </value>
            </param>
          </params>
          <reporter-output>
          </reporter-output>
        </test-method> <!-- setUp -->
        <test-method signature="testAddition()[pri:0, instance:com.mobile.tests.CalculatorTest@7e07db1f]" started-at="2026-02-26T16:37:46 EST" name="testAddition" finished-at="2026-02-26T16:37:49 EST" duration-ms="3064" status="PASS">
          <reporter-output>
          </reporter-output>
        </test-method> <!-- testAddition -->
        <test-method is-config="true" signature="tearDown()[pri:0, instance:com.mobile.tests.CalculatorTest@7e07db1f]" started-at="2026-02-26T16:37:49 EST" name="tearDown" finished-at="2026-02-26T16:37:49 EST" duration-ms="231" status="PASS">
          <reporter-output>
          </reporter-output>
        </test-method> <!-- tearDown -->
      </class> <!-- com.mobile.tests.CalculatorTest -->
    </test> <!-- Calculator Test - Android -->
  </suite> <!-- Mobile Automation Suite -->
</testng-results>
