<?xml version="1.0" encoding="UTF-8"?>
<!-- Generated by org.testng.reporters.JUnitXMLReporter -->
<testsuite ignored="2" hostname="LAPTOP-8NLP0KEN" failures="0" tests="1" name="Surefire test" time="14.368" errors="0" timestamp="2026-01-29T01:50:10 EST">
  <testcase classname="tests.HomePageTest" name="validateGetStartedButtonNavigation" time="14.143"/>
  <testcase classname="tests.HomePageTest" name="verifyGetStartedNavigation" time="0.0">
    <ignored/>
  </testcase> <!-- verifyGetStartedNavigation -->
  <testcase classname="tests.HomePageTest" name="verifyHomePageHeader" time="0.0">
    <ignored/>
  </testcase> <!-- verifyHomePageHeader -->
</testsuite> <!-- Surefire test -->
