<?xml version="1.0" encoding="UTF-8"?>
<!-- Generated by org.testng.reporters.JUnitXMLReporter -->
<testsuite ignored="0" hostname="LAPTOP-8NLP0KEN" failures="2" tests="3" name="UI Tests" time="99.158" errors="0" timestamp="2026-02-12T16:08:00 EST">
  <testcase classname="com.web.HomePageTest" name="validateGetStartedButtonNavigation" time="61.464">
    <failure type="com.microsoft.playwright.TimeoutError" message="Error {
  message=&amp;apos;Timeout 30000ms exceeded.
  name=&amp;apos;TimeoutError
  stack=&amp;apos;TimeoutError: Timeout 30000ms exceeded.
    at ProgressController.run (C:\Users\antot\AppData\Local\Temp\playwright-java-11877832746649089246\package\lib\server\progress.js:75:26)
    at Frame.click (C:\Users\antot\AppData\Local\Temp\playwright-java-11877832746649089246\package\lib\server\frames.js:1022:23)
    at FrameDispatcher.click (C:\Users\antot\AppData\Local\Temp\playwright-java-11877832746649089246\package\lib\server\dispatchers\frameDispatcher.js:158:30)
    at FrameDispatcher._handleCommand (C:\Users\antot\AppData\Local\Temp\playwright-java-11877832746649089246\package\lib\server\dispatchers\dispatcher.js:94:40)
    at DispatcherConnection.dispatch (C:\Users\antot\AppData\Local\Temp\playwright-java-11877832746649089246\package\lib\server\dispatchers\dispatcher.js:361:39)
}
Call log:
-   - waiting for locator(&amp;quot;text=F started&amp;quot;)
">
      <![CDATA[com.microsoft.playwright.TimeoutError: Error {
  message='Timeout 30000ms exceeded.
  name='TimeoutError
  stack='TimeoutError: Timeout 30000ms exceeded.
    at ProgressController.run (C:\Users\antot\AppData\Local\Temp\playwright-java-11877832746649089246\package\lib\server\progress.js:75:26)
    at Frame.click (C:\Users\antot\AppData\Local\Temp\playwright-java-11877832746649089246\package\lib\server\frames.js:1022:23)
    at FrameDispatcher.click (C:\Users\antot\AppData\Local\Temp\playwright-java-11877832746649089246\package\lib\server\dispatchers\frameDispatcher.js:158:30)
    at FrameDispatcher._handleCommand (C:\Users\antot\AppData\Local\Temp\playwright-java-11877832746649089246\package\lib\server\dispatchers\dispatcher.js:94:40)
    at DispatcherConnection.dispatch (C:\Users\antot\AppData\Local\Temp\playwright-java-11877832746649089246\package\lib\server\dispatchers\dispatcher.js:361:39)
}
Call log:
-   - waiting for locator("text=F started")

at com.microsoft.playwright.impl.WaitableResult.get(WaitableResult.java:52)
at com.microsoft.playwright.impl.ChannelOwner.runUntil(ChannelOwner.java:132)
at com.microsoft.playwright.impl.Connection.sendMessage(Connection.java:130)
at com.microsoft.playwright.impl.ChannelOwner.sendMessage(ChannelOwner.java:118)
at com.microsoft.playwright.impl.FrameImpl.clickImpl(FrameImpl.java:252)
at com.microsoft.playwright.impl.FrameImpl.lambda$click$8(FrameImpl.java:243)
at com.microsoft.playwright.impl.LoggingSupport.lambda$withLogging$0(LoggingSupport.java:36)
at com.microsoft.playwright.impl.LoggingSupport.withLogging(LoggingSupport.java:47)
at com.microsoft.playwright.impl.ChannelOwner.withLogging(ChannelOwner.java:97)
at com.microsoft.playwright.impl.LoggingSupport.withLogging(LoggingSupport.java:35)
at com.microsoft.playwright.impl.FrameImpl.click(FrameImpl.java:243)
at com.microsoft.playwright.impl.LocatorImpl.click(LocatorImpl.java:175)
at com.microsoft.playwright.Locator.click(Locator.java:2493)
at com.core.base.BasePage.click(BasePage.java:44)
at com.web.pages.PlaywrightHomePage.clickGetStarted(PlaywrightHomePage.java:24)
at com.web.HomePageTest.validateGetStartedButtonNavigation(HomePageTest.java:43)
at java.base/java.util.ArrayList.forEach(ArrayList.java:1597)
at java.base/java.util.concurrent.FutureTask.run(FutureTask.java:317)
at java.base/java.util.concurrent.ThreadPoolExecutor.runWorker(ThreadPoolExecutor.java:1144)
at java.base/java.util.concurrent.ThreadPoolExecutor$Worker.run(ThreadPoolExecutor.java:642)
at java.base/java.lang.Thread.run(Thread.java:1570)
Caused by: com.microsoft.playwright.TimeoutError: Error {
  message='Timeout 30000ms exceeded.
  name='TimeoutError
  stack='TimeoutError: Timeout 30000ms exceeded.
    at ProgressController.run (C:\Users\antot\AppData\Local\Temp\playwright-java-11877832746649089246\package\lib\server\progress.js:75:26)
    at Frame.click (C:\Users\antot\AppData\Local\Temp\playwright-java-11877832746649089246\package\lib\server\frames.js:1022:23)
    at FrameDispatcher.click (C:\Users\antot\AppData\Local\Temp\playwright-java-11877832746649089246\package\lib\server\dispatchers\frameDispatcher.js:158:30)
    at FrameDispatcher._handleCommand (C:\Users\antot\AppData\Local\Temp\playwright-java-11877832746649089246\package\lib\server\dispatchers\dispatcher.js:94:40)
    at DispatcherConnection.dispatch (C:\Users\antot\AppData\Local\Temp\playwright-java-11877832746649089246\package\lib\server\dispatchers\dispatcher.js:361:39)
}
Call log:
-   - waiting for locator("text=F started")

at com.microsoft.playwright.impl.Connection.dispatch(Connection.java:254)
at com.microsoft.playwright.impl.Connection.processOneMessage(Connection.java:211)
at com.microsoft.playwright.impl.ChannelOwner.runUntil(ChannelOwner.java:130)
... 34 more
... Removed 15 stack frames]]>
    </failure>
  </testcase> <!-- validateGetStartedButtonNavigation -->
  <testcase classname="com.web.HomePageTest" name="verifyGetStartedNavigation" time="18.842">
    <failure type="com.microsoft.playwright.PlaywrightException" message="Error {
  message=&amp;apos;Unknown engine &amp;quot;textStartsWith&amp;quot; while parsing selector textStartsWith= F started
  name=&amp;apos;Error
  stack=&amp;apos;Error: Unknown engine &amp;quot;textStartsWith&amp;quot; while parsing selector textStartsWith= F started
    at C:\Users\antot\AppData\Local\Temp\playwright-java-11877832746649089246\package\lib\server\selectors.js:62:61
    at visit (C:\Users\antot\AppData\Local\Temp\playwright-java-11877832746649089246\package\lib\utils\isomorphic\selectorParser.js:145:7)
    at visitAllSelectorParts (C:\Users\antot\AppData\Local\Temp\playwright-java-11877832746649089246\package\lib\utils\isomorphic\selectorParser.js:149:3)
    at Selectors.parseSelector (C:\Users\antot\AppData\Local\Temp\playwright-java-11877832746649089246\package\lib\server\selectors.js:59:47)
    at FrameSelectors._parseSelector (C:\Users\antot\AppData\Local\Temp\playwright-java-11877832746649089246\package\lib\server\frameSelectors.js:32:51)
    at FrameSelectors.resolveFrameForSelector (C:\Users\antot\AppData\Local\Temp\playwright-java-11877832746649089246\package\lib\server\frameSelectors.js:147:29)
    at FrameSelectors.resolveInjectedForSelector (C:\Users\antot\AppData\Local\Temp\playwright-java-11877832746649089246\package\lib\server\frameSelectors.js:152:33)
    at C:\Users\antot\AppData\Local\Temp\playwright-java-11877832746649089246\package\lib\server\frames.js:960:45
    at async Frame.retryWithProgressAndTimeouts (C:\Users\antot\AppData\Local\Temp\playwright-java-11877832746649089246\package\lib\server\frames.js:935:24)
    at async C:\Users\antot\AppData\Local\Temp\playwright-java-11877832746649089246\package\lib\server\frames.js:1023:29
}
Call log:
-   - waiting for locator(&amp;quot;textStartsWith= F started&amp;quot;)
">
      <![CDATA[com.microsoft.playwright.PlaywrightException: Error {
  message='Unknown engine "textStartsWith" while parsing selector textStartsWith= F started
  name='Error
  stack='Error: Unknown engine "textStartsWith" while parsing selector textStartsWith= F started
    at C:\Users\antot\AppData\Local\Temp\playwright-java-11877832746649089246\package\lib\server\selectors.js:62:61
    at visit (C:\Users\antot\AppData\Local\Temp\playwright-java-11877832746649089246\package\lib\utils\isomorphic\selectorParser.js:145:7)
    at visitAllSelectorParts (C:\Users\antot\AppData\Local\Temp\playwright-java-11877832746649089246\package\lib\utils\isomorphic\selectorParser.js:149:3)
    at Selectors.parseSelector (C:\Users\antot\AppData\Local\Temp\playwright-java-11877832746649089246\package\lib\server\selectors.js:59:47)
    at FrameSelectors._parseSelector (C:\Users\antot\AppData\Local\Temp\playwright-java-11877832746649089246\package\lib\server\frameSelectors.js:32:51)
    at FrameSelectors.resolveFrameForSelector (C:\Users\antot\AppData\Local\Temp\playwright-java-11877832746649089246\package\lib\server\frameSelectors.js:147:29)
    at FrameSelectors.resolveInjectedForSelector (C:\Users\antot\AppData\Local\Temp\playwright-java-11877832746649089246\package\lib\server\frameSelectors.js:152:33)
    at C:\Users\antot\AppData\Local\Temp\playwright-java-11877832746649089246\package\lib\server\frames.js:960:45
    at async Frame.retryWithProgressAndTimeouts (C:\Users\antot\AppData\Local\Temp\playwright-java-11877832746649089246\package\lib\server\frames.js:935:24)
    at async C:\Users\antot\AppData\Local\Temp\playwright-java-11877832746649089246\package\lib\server\frames.js:1023:29
}
Call log:
-   - waiting for locator("textStartsWith= F started")

at com.microsoft.playwright.impl.WaitableResult.get(WaitableResult.java:56)
at com.microsoft.playwright.impl.ChannelOwner.runUntil(ChannelOwner.java:132)
at com.microsoft.playwright.impl.Connection.sendMessage(Connection.java:130)
at com.microsoft.playwright.impl.ChannelOwner.sendMessage(ChannelOwner.java:118)
at com.microsoft.playwright.impl.FrameImpl.clickImpl(FrameImpl.java:252)
at com.microsoft.playwright.impl.FrameImpl.lambda$click$8(FrameImpl.java:243)
at com.microsoft.playwright.impl.LoggingSupport.lambda$withLogging$0(LoggingSupport.java:36)
at com.microsoft.playwright.impl.LoggingSupport.withLogging(LoggingSupport.java:47)
at com.microsoft.playwright.impl.ChannelOwner.withLogging(ChannelOwner.java:97)
at com.microsoft.playwright.impl.LoggingSupport.withLogging(LoggingSupport.java:35)
at com.microsoft.playwright.impl.FrameImpl.click(FrameImpl.java:243)
at com.microsoft.playwright.impl.LocatorImpl.click(LocatorImpl.java:175)
at com.microsoft.playwright.Locator.click(Locator.java:2493)
at com.core.base.BasePage.click(BasePage.java:44)
at com.web.pages.PlaywrightHomePage.clickGetStarted(PlaywrightHomePage.java:24)
at com.web.HomePageTest.verifyGetStartedNavigation(HomePageTest.java:30)
at java.base/java.util.ArrayList.forEach(ArrayList.java:1597)
at java.base/java.util.concurrent.FutureTask.run(FutureTask.java:317)
at java.base/java.util.concurrent.ThreadPoolExecutor.runWorker(ThreadPoolExecutor.java:1144)
at java.base/java.util.concurrent.ThreadPoolExecutor$Worker.run(ThreadPoolExecutor.java:642)
at java.base/java.lang.Thread.run(Thread.java:1570)
Caused by: com.microsoft.playwright.impl.DriverException: Error {
  message='Unknown engine "textStartsWith" while parsing selector textStartsWith= F started
  name='Error
  stack='Error: Unknown engine "textStartsWith" while parsing selector textStartsWith= F started
    at C:\Users\antot\AppData\Local\Temp\playwright-java-11877832746649089246\package\lib\server\selectors.js:62:61
    at visit (C:\Users\antot\AppData\Local\Temp\playwright-java-11877832746649089246\package\lib\utils\isomorphic\selectorParser.js:145:7)
    at visitAllSelectorParts (C:\Users\antot\AppData\Local\Temp\playwright-java-11877832746649089246\package\lib\utils\isomorphic\selectorParser.js:149:3)
    at Selectors.parseSelector (C:\Users\antot\AppData\Local\Temp\playwright-java-11877832746649089246\package\lib\server\selectors.js:59:47)
    at FrameSelectors._parseSelector (C:\Users\antot\AppData\Local\Temp\playwright-java-11877832746649089246\package\lib\server\frameSelectors.js:32:51)
    at FrameSelectors.resolveFrameForSelector (C:\Users\antot\AppData\Local\Temp\playwright-java-11877832746649089246\package\lib\server\frameSelectors.js:147:29)
    at FrameSelectors.resolveInjectedForSelector (C:\Users\antot\AppData\Local\Temp\playwright-java-11877832746649089246\package\lib\server\frameSelectors.js:152:33)
    at C:\Users\antot\AppData\Local\Temp\playwright-java-11877832746649089246\package\lib\server\frames.js:960:45
    at async Frame.retryWithProgressAndTimeouts (C:\Users\antot\AppData\Local\Temp\playwright-java-11877832746649089246\package\lib\server\frames.js:935:24)
    at async C:\Users\antot\AppData\Local\Temp\playwright-java-11877832746649089246\package\lib\server\frames.js:1023:29
}
Call log:
-   - waiting for locator("textStartsWith= F started")

at com.microsoft.playwright.impl.Connection.dispatch(Connection.java:259)
at com.microsoft.playwright.impl.Connection.processOneMessage(Connection.java:211)
at com.microsoft.playwright.impl.ChannelOwner.runUntil(ChannelOwner.java:130)
... 34 more
... Removed 15 stack frames]]>
    </failure>
  </testcase> <!-- verifyGetStartedNavigation -->
  <testcase classname="com.web.HomePageTest" name="verifyHomePageHeader" time="0.541"/>
</testsuite> <!-- UI Tests -->
