<?xml version="1.0" encoding="UTF-8"?>
<testng-results ignored="0" total="1" passed="1" failed="0" skipped="0">
  <reporter-output>
  </reporter-output>
  <suite started-at="2026-01-29T01:49:55 EST" name="Surefire suite" finished-at="2026-01-29T01:50:10 EST" duration-ms="14368">
    <groups>
    </groups>
    <test started-at="2026-01-29T01:49:55 EST" name="Surefire test" finished-at="2026-01-29T01:50:10 EST" duration-ms="14368">
      <class name="tests.HomePageTest">
        <test-method is-config="true" signature="setupSuite()[pri:0, instance:tests.HomePageTest@163e4e87]" started-at="2026-01-29T01:49:50 EST" name="setupSuite" finished-at="2026-01-29T01:49:55 EST" duration-ms="5685" status="PASS">
          <reporter-output>
          </reporter-output>
        </test-method> <!-- setupSuite -->
        <test-method is-config="true" signature="setupTest()[pri:0, instance:tests.HomePageTest@163e4e87]" started-at="2026-01-29T01:49:55 EST" name="setupTest" finished-at="2026-01-29T01:49:56 EST" duration-ms="161" status="PASS">
          <reporter-output>
          </reporter-output>
        </test-method> <!-- setupTest -->
        <test-method signature="validateGetStartedButtonNavigation()[pri:0, instance:tests.HomePageTest@163e4e87]" started-at="2026-01-29T01:49:56 EST" name="validateGetStartedButtonNavigation" finished-at="2026-01-29T01:50:10 EST" duration-ms="14143" status="PASS">
          <reporter-output>
          </reporter-output>
        </test-method> <!-- validateGetStartedButtonNavigation -->
        <test-method is-config="true" signature="tearDownTest()[pri:0, instance:tests.HomePageTest@163e4e87]" started-at="2026-01-29T01:50:10 EST" name="tearDownTest" finished-at="2026-01-29T01:50:10 EST" duration-ms="31" status="PASS">
          <reporter-output>
          </reporter-output>
        </test-method> <!-- tearDownTest -->
        <test-method is-config="true" signature="tearDownSuite()[pri:0, instance:tests.HomePageTest@163e4e87]" started-at="2026-01-29T01:50:10 EST" name="tearDownSuite" finished-at="2026-01-29T01:50:10 EST" duration-ms="149" status="PASS">
          <reporter-output>
          </reporter-output>
        </test-method> <!-- tearDownSuite -->
      </class> <!-- tests.HomePageTest -->
    </test> <!-- Surefire test -->
  </suite> <!-- Surefire suite -->
</testng-results>
