<?xml version="1.0" encoding="UTF-8"?>
<testng-results ignored="0" total="2" passed="2" failed="0" skipped="0">
  <reporter-output>
  </reporter-output>
  <suite started-at="2026-02-08T02:30:45 EST" name="Surefire suite" finished-at="2026-02-08T02:30:48 EST" duration-ms="2428">
    <groups>
    </groups>
    <test started-at="2026-02-08T02:30:45 EST" name="Surefire test" finished-at="2026-02-08T02:30:48 EST" duration-ms="2428">
      <class name="com.playwright.api.EndpointTest">
        <test-method signature="getAllObjectsTest()[pri:0, instance:com.playwright.api.EndpointTest@38c5cc4c]" started-at="2026-02-08T02:30:45 EST" name="getAllObjectsTest" finished-at="2026-02-08T02:30:47 EST" duration-ms="1969" status="PASS">
          <reporter-output>
          </reporter-output>
        </test-method> <!-- getAllObjectsTest -->
        <test-method signature="getObjectByIdTest()[pri:0, instance:com.playwright.api.EndpointTest@38c5cc4c]" started-at="2026-02-08T02:30:47 EST" name="getObjectByIdTest" finished-at="2026-02-08T02:30:48 EST" duration-ms="415" status="PASS">
          <reporter-output>
          </reporter-output>
        </test-method> <!-- getObjectByIdTest -->
      </class> <!-- com.playwright.api.EndpointTest -->
    </test> <!-- Surefire test -->
  </suite> <!-- Surefire suite -->
</testng-results>
