<?xml version="1.0" encoding="UTF-8"?>
<!-- Generated by org.testng.reporters.JUnitXMLReporter -->
<testsuite ignored="1" hostname="LAPTOP-8NLP0KEN" failures="0" tests="1" name="Surefire test" time="1.955" errors="0" timestamp="2026-02-12T23:28:12 EST">
  <testcase classname="com.api.tests.EndpointTest" name="getObjectByIdTest" time="1.883"/>
  <testcase classname="com.api.tests.EndpointTest" name="getAllObjectsTest" time="0.0">
    <ignored/>
  </testcase> <!-- getAllObjectsTest -->
</testsuite> <!-- Surefire test -->
