<?xml version="1.0" encoding="UTF-8"?>
<!-- Generated by org.testng.reporters.JUnitXMLReporter -->
<testsuite ignored="1" hostname="LAPTOP-8NLP0KEN" failures="0" tests="1" name="Surefire test" time="3.181" errors="0" timestamp="2026-05-01T13:19:45 EDT">
  <testcase classname="com.api.tests.EndpointTest" name="getObjectByIdTest" time="3.097"/>
  <testcase classname="com.api.tests.EndpointTest" name="getAllObjectsTest" time="0.0">
    <ignored/>
  </testcase> <!-- getAllObjectsTest -->
</testsuite> <!-- Surefire test -->
