<?xml version="1.0" encoding="UTF-8"?>
<testng-results ignored="0" total="1" passed="1" failed="0" skipped="0">
  <reporter-output>
  </reporter-output>
  <suite started-at="2026-02-12T23:28:10 EST" name="Surefire suite" finished-at="2026-02-12T23:28:12 EST" duration-ms="1955">
    <groups>
    </groups>
    <test started-at="2026-02-12T23:28:10 EST" name="Surefire test" finished-at="2026-02-12T23:28:12 EST" duration-ms="1955">
      <class name="com.api.tests.EndpointTest">
        <test-method signature="getObjectByIdTest()[pri:0, instance:com.api.tests.EndpointTest@6283d8b8]" started-at="2026-02-12T23:28:10 EST" name="getObjectByIdTest" finished-at="2026-02-12T23:28:12 EST" duration-ms="1883" status="PASS">
          <reporter-output>
          </reporter-output>
        </test-method> <!-- getObjectByIdTest -->
      </class> <!-- com.api.tests.EndpointTest -->
    </test> <!-- Surefire test -->
  </suite> <!-- Surefire suite -->
</testng-results>
