<?xml version="1.0" encoding="UTF-8"?>
<testng-results ignored="0" total="2" passed="2" failed="0" skipped="0">
  <reporter-output>
  </reporter-output>
  <suite started-at="2026-02-11T16:38:54 EST" name="Surefire suite" finished-at="2026-02-11T16:39:02 EST" duration-ms="7603">
    <groups>
    </groups>
    <test started-at="2026-02-11T16:38:54 EST" name="Surefire test" finished-at="2026-02-11T16:39:02 EST" duration-ms="7603">
      <class name="com.api.tests.EndpointTest">
        <test-method signature="getAllObjectsTest()[pri:0, instance:com.api.tests.EndpointTest@28f2a10f]" started-at="2026-02-11T16:38:54 EST" name="getAllObjectsTest" description="Verify login" finished-at="2026-02-11T16:39:01 EST" duration-ms="6858" status="PASS">
          <reporter-output>
          </reporter-output>
        </test-method> <!-- getAllObjectsTest -->
        <test-method signature="getObjectByIdTest()[pri:0, instance:com.api.tests.EndpointTest@28f2a10f]" started-at="2026-02-11T16:39:01 EST" name="getObjectByIdTest" finished-at="2026-02-11T16:39:02 EST" duration-ms="454" status="PASS">
          <reporter-output>
          </reporter-output>
        </test-method> <!-- getObjectByIdTest -->
      </class> <!-- com.api.tests.EndpointTest -->
    </test> <!-- Surefire test -->
  </suite> <!-- Surefire suite -->
</testng-results>
