<?xml version="1.0" encoding="UTF-8"?>
<!-- Generated by org.testng.reporters.JUnitXMLReporter -->
<testsuite ignored="0" hostname="LAPTOP-8NLP0KEN" failures="0" tests="3" name="Surefire test" time="92.889" errors="0" timestamp="2026-02-11T16:38:44 EST">
  <testcase classname="com.web.HomePageTest" name="validateGetStartedButtonNavigation" time="50.293"/>
  <testcase classname="com.web.HomePageTest" name="verifyGetStartedNavigation" time="29.257"/>
  <testcase classname="com.web.HomePageTest" name="verifyHomePageHeader" time="0.921"/>
</testsuite> <!-- Surefire test -->
