<?xml version="1.0" encoding="UTF-8"?>
<testsuite xmlns:xsi="http://www.w3.org/2001/XMLSchema-instance" xsi:noNamespaceSchemaLocation="https://maven.apache.org/surefire/maven-surefire-plugin/xsd/surefire-test-report-3.0.xsd" version="3.0" name="TestSuite" time="99.651" tests="3" errors="0" skipped="0" failures="2">
  <properties>
[...]
</properties>
  <testcase name="validateGetStartedButtonNavigation" classname="com.web.HomePageTest" time="61.479">
    <failure message="Error {&#10;  message=&apos;Timeout 30000ms exceeded.&#10;  name=&apos;TimeoutError&#10;  stack=&apos;TimeoutError: Timeout 30000ms exceeded.&#10;    at ProgressController.run (C:\Users\antot\AppData\Local\Temp\playwright-java-11877832746649089246\package\lib\server\progress.js:75:26)&#10;    at Frame.click (C:\Users\antot\AppData\Local\Temp\playwright-java-11877832746649089246\package\lib\server\frames.js:1022:23)&#10;    at FrameDispatcher.click (C:\Users\antot\AppData\Local\Temp\playwright-java-11877832746649089246\package\lib\server\dispatchers\frameDispatcher.js:158:30)&#10;    at FrameDispatcher._handleCommand (C:\Users\antot\AppData\Local\Temp\playwright-java-11877832746649089246\package\lib\server\dispatchers\dispatcher.js:94:40)&#10;    at DispatcherConnection.dispatch (C:\Users\antot\AppData\Local\Temp\playwright-java-11877832746649089246\package\lib\server\dispatchers\dispatcher.js:361:39)&#10;}&#10;Call log:&#10;-   - waiting for locator(&quot;text=F started&quot;)&#10;" type="com.microsoft.playwright.TimeoutError"><![CDATA[com.microsoft.playwright.TimeoutError: 
Error {
  message='Timeout 30000ms exceeded.
  name='TimeoutError
  stack='TimeoutError: Timeout 30000ms exceeded.
    at ProgressController.run (C:\Users\antot\AppData\Local\Temp\playwright-java-11877832746649089246\package\lib\server\progress.js:75:26)
    at Frame.click (C:\Users\antot\AppData\Local\Temp\playwright-java-11877832746649089246\package\lib\server\frames.js:1022:23)
    at FrameDispatcher.click (C:\Users\antot\AppData\Local\Temp\playwright-java-11877832746649089246\package\lib\server\dispatchers\frameDispatcher.js:158:30)
    at FrameDispatcher._handleCommand (C:\Users\antot\AppData\Local\Temp\playwright-java-11877832746649089246\package\lib\server\dispatchers\dispatcher.js:94:40)
    at DispatcherConnection.dispatch (C:\Users\antot\AppData\Local\Temp\playwright-java-11877832746649089246\package\lib\server\dispatchers\dispatcher.js:361:39)
}
Call log:
-   - waiting for locator("text=F started")

	at com.microsoft.playwright.impl.WaitableResult.get(WaitableResult.java:52)
	at com.microsoft.playwright.impl.ChannelOwner.runUntil(ChannelOwner.java:132)
	at com.microsoft.playwright.impl.Connection.sendMessage(Connection.java:130)
	at com.microsoft.playwright.impl.ChannelOwner.sendMessage(ChannelOwner.java:118)
	at com.microsoft.playwright.impl.FrameImpl.clickImpl(FrameImpl.java:252)
	at com.microsoft.playwright.impl.FrameImpl.lambda$click$8(FrameImpl.java:243)
	at com.microsoft.playwright.impl.LoggingSupport.lambda$withLogging$0(LoggingSupport.java:36)
	at com.microsoft.playwright.impl.LoggingSupport.withLogging(LoggingSupport.java:47)
	at com.microsoft.playwright.impl.ChannelOwner.withLogging(ChannelOwner.java:97)
	at com.microsoft.playwright.impl.LoggingSupport.withLogging(LoggingSupport.java:35)
	at com.microsoft.playwright.impl.FrameImpl.click(FrameImpl.java:243)
	at com.microsoft.playwright.impl.LocatorImpl.click(LocatorImpl.java:175)
	at com.microsoft.playwright.Locator.click(Locator.java:2493)
	at com.core.base.BasePage.click(BasePage.java:44)
	at com.web.pages.PlaywrightHomePage.clickGetStarted(PlaywrightHomePage.java:24)
	at com.web.HomePageTest.validateGetStartedButtonNavigation(HomePageTest.java:43)
	at java.base/jdk.internal.reflect.DirectMethodHandleAccessor.invoke(DirectMethodHandleAccessor.java:103)
	at java.base/java.lang.reflect.Method.invoke(Method.java:580)
	at org.testng.internal.invokers.MethodInvocationHelper.invokeMethod(MethodInvocationHelper.java:141)
	at org.testng.internal.invokers.TestInvoker.invokeMethod(TestInvoker.java:686)
	at org.testng.internal.invokers.TestInvoker.invokeTestMethod(TestInvoker.java:230)
	at org.testng.internal.invokers.MethodRunner.runInSequence(MethodRunner.java:63)
	at org.testng.internal.invokers.TestInvoker$MethodInvocationAgent.invoke(TestInvoker.java:992)
	at org.testng.internal.invokers.TestInvoker.invokeTestMethods(TestInvoker.java:203)
	at org.testng.internal.invokers.TestMethodWorker.invokeTestMethods(TestMethodWorker.java:154)
	at org.testng.internal.invokers.TestMethodWorker.run(TestMethodWorker.java:134)
	at java.base/java.util.ArrayList.forEach(ArrayList.java:1597)
	at org.testng.TestRunner.privateRun(TestRunner.java:739)
	at org.testng.TestRunner.run(TestRunner.java:614)
	at org.testng.SuiteRunner.runTest(SuiteRunner.java:421)
	at org.testng.SuiteRunner$SuiteWorker.run(SuiteRunner.java:463)
	at org.testng.internal.thread.ThreadUtil.lambda$execute$0(ThreadUtil.java:64)
	at java.base/java.util.concurrent.FutureTask.run(FutureTask.java:317)
	at java.base/java.util.concurrent.ThreadPoolExecutor.runWorker(ThreadPoolExecutor.java:1144)
	at java.base/java.util.concurrent.ThreadPoolExecutor$Worker.run(ThreadPoolExecutor.java:642)
	at java.base/java.lang.Thread.run(Thread.java:1570)
Caused by: com.microsoft.playwright.TimeoutError: Error {
  message='Timeout 30000ms exceeded.
  name='TimeoutError
  stack='TimeoutError: Timeout 30000ms exceeded.
    at ProgressController.run (C:\Users\antot\AppData\Local\Temp\playwright-java-11877832746649089246\package\lib\server\progress.js:75:26)
    at Frame.click (C:\Users\antot\AppData\Local\Temp\playwright-java-11877832746649089246\package\lib\server\frames.js:1022:23)
    at FrameDispatcher.click (C:\Users\antot\AppData\Local\Temp\playwright-java-11877832746649089246\package\lib\server\dispatchers\frameDispatcher.js:158:30)
    at FrameDispatcher._handleCommand (C:\Users\antot\AppData\Local\Temp\playwright-java-11877832746649089246\package\lib\server\dispatchers\dispatcher.js:94:40)
    at DispatcherConnection.dispatch (C:\Users\antot\AppData\Local\Temp\playwright-java-11877832746649089246\package\lib\server\dispatchers\dispatcher.js:361:39)
}
Call log:
-   - waiting for locator("text=F started")

	at com.microsoft.playwright.impl.Connection.dispatch(Connection.java:254)
	at com.microsoft.playwright.impl.Connection.processOneMessage(Connection.java:211)
	at com.microsoft.playwright.impl.ChannelOwner.runUntil(ChannelOwner.java:130)
	... 34 more
]]></failure>
    <system-out><![CDATA[!!! Locator failed: text= F started
 Attempting self‑healing...
 Prompt sent to DeepSeek:
You are an expert Playwright automation engineer. Given the DOM and a broken Playwright locator, return ONLY the corrected Playwright selector.

DOM:
<head><meta charset="UTF-8"><meta name="generator" content="Docusaurus v3.8.1"><title>Fast and reliable end-to-end testing for modern web apps | Playwright</title><meta data-rh="true" name="viewport" content="width=device-width, initial-scale=1.0"><meta data-rh="true" name="twitter:card" content="summary_large_image"><meta data-rh="true" property="og:image" content="https://repository-images.githubusercontent.com/221981891/8c5c6942-c91f-4df1-825f-4cf474056bd7"><meta data-rh="true" name="twitter:image" content="https://repository-images.githubusercontent.com/221981891/8c5c6942-c91f-4df1-825f-4cf474056bd7"><meta data-rh="true" property="og:url" content="https://playwright.dev/"><meta data-rh="true" property="og:locale" content="en"><meta data-rh="true" name="docusaurus_locale" content="en"><meta data-rh="true" name="docusaurus_tag" content="default"><meta data-rh="true" name="docsearch:language" content="en"><meta data-rh="true" name="docsearch:docusaurus_tag" content="default"><link data-rh="true" rel="icon" href="/img/playwright-logo.ico"><link data-rh="true" rel="canonical" href="https://playwright.dev/"><link data-rh="true" rel="alternate" href="https://playwright.dev/" hreflang="en"><link data-rh="true" rel="alternate" href="https://playwright.dev/" hreflang="x-default"><link rel="search" type="application/opensearchdescription+xml" title="Playwright" href="/opensearch.xml"><script src="/js/redirection.js"></script><link rel="stylesheet" href="/assets/css/styles.42cb2df9.css"><script src="/assets/js/runtime~main.1adac9fb.js" defer=""></script><script src="/assets/js/main.a2c65d4b.js" defer=""></script><meta property="og:title" content="Fast and reliable end-to-end testing for modern web apps | Playwright" data-rh="true"><meta name="description" content="Cross-browser end-to-end testing for modern web apps" data-rh="true"><meta property="og:description" content="Cross-browser end-to-end testing for modern web apps" data-rh="true"><link rel="preconnect" href="https://K09ICMCV6X-dsn.algolia.net" crossorigin="anonymous" data-rh="true"><link rel="prefetch" href="/assets/js/5e95c892.04a50b6b.js"><link rel="prefetch" href="/assets/js/aba21aa0.3de9c501.js"><link rel="prefetch" href="/assets/js/a7bd4aaa.2d9939bb.js"><link rel="prefetch" href="/assets/js/0058b4c6.aa3d9175.js"><link rel="prefetch" href="/assets/js/a94703ab.398abce1.js"><link rel="prefetch" href="/assets/js/5e95c892.04a50b6b.js"><link rel="prefetch" href="/assets/js/aba21aa0.3de9c501.js"><link rel="prefetch" href="/assets/js/a7bd4aaa.2d9939bb.js"><link rel="prefetch" href="/assets/js/0058b4c6.aa3d9175.js"><link rel="prefetch" href="/assets/js/a94703ab.398abce1.js"><link rel="prefetch" href="/assets/js/5e95c892.04a50b6b.js"><link rel="prefetch" href="/assets/js/aba21aa0.3de9c501.js"><link rel="prefetch" href="/assets/js/a7bd4aaa.2d9939bb.js"><link rel="prefetch" href="/assets/js/0058b4c6.aa3d9175.js"><link rel="prefetch" href="/assets/js/a94703ab.398abce1.js"><link rel="prefetch" href="/assets/js/17896441.14782575.js"><link rel="prefetch" href="/assets/js/4cf51b27.9f497a86.js"><link rel="prefetch" href="/assets/js/1df93b7f.78ad99b4.js"><link rel="prefetch" href="/assets/js/a7456010.1567b6f5.js"><link rel="prefetch" href="/assets/js/5e95c892.04a50b6b.js"><link rel="prefetch" href="/assets/js/e0719818.d9b9b916.js"><link rel="prefetch" href="/assets/js/a7bd4aaa.2d9939bb.js"><link rel="prefetch" href="/assets/js/d2436a2b.7071ef71.js"><link rel="prefetch" href="/assets/js/a94703ab.398abce1.js"><link rel="prefetch" href="/assets/js/5e95c892.04a50b6b.js"><link rel="prefetch" href="/assets/js/e0719818.d9b9b916.js"><link rel="prefetch" href="/assets/js/a7bd4aaa.2d9939bb.js"><link rel="prefetch" href="/assets/js/d2436a2b.7071ef71.js"><link rel="prefetch" href="/assets/js/a94703ab.398abce1.js"><link rel="prefetch" href="/assets/js/5e95c892.04a50b6b.js"><link rel="prefetch" href="/assets/js/e0719818.d9b9b916.js"><link rel="prefetch" href="/assets/js/a7bd4aaa.2d9939bb.js"><link rel="prefetch" href="/assets/js/d2436a2b.7071ef71.js"><link rel="prefetch" href="/assets/js/a94703ab.398abce1.js"><link rel="prefetch" href="/assets/js/17896441.14782575.js"><link rel="prefetch" href="/assets/js/083f60f3.4d564d04.js"><link rel="prefetch" href="/assets/js/5e95c892.04a50b6b.js"><link rel="prefetch" href="/assets/js/aba21aa0.3de9c501.js"><link rel="prefetch" href="/assets/js/a7bd4aaa.2d9939bb.js"><link rel="prefetch" href="/assets/js/0058b4c6.aa3d9175.js"><link rel="prefetch" href="/assets/js/a94703ab.398abce1.js"><link rel="prefetch" href="/assets/js/5e95c892.04a50b6b.js"><link rel="prefetch" href="/assets/js/aba21aa0.3de9c501.js"><link rel="prefetch" href="/assets/js/a7bd4aaa.2d9939bb.js"><link rel="prefetch" href="/assets/js/0058b4c6.aa3d9175.js"><link rel="prefetch" href="/assets/js/a94703ab.398abce1.js"><link rel="prefetch" href="/assets/js/5e95c892.04a50b6b.js"><link rel="prefetch" href="/assets/js/aba21aa0.3de9c501.js"><link rel="prefetch" href="/assets/js/a7bd4aaa.2d9939bb.js"><link rel="prefetch" href="/assets/js/0058b4c6.aa3d9175.js"><link rel="prefetch" href="/assets/js/a94703ab.398abce1.js"><link rel="prefetch" href="/assets/js/17896441.14782575.js"><link rel="prefetch" href="/assets/js/90f396e5.675bffac.js"></head><body class="navigation-with-keyboard" data-rh="class" style="overflow: visible;"><svg xmlns="http://www.w3.org/2000/svg" style="display: none;"><defs>
<symbol id="theme-svg-external-link" viewBox="0 0 24 24"><path fill="currentColor" d="M21 13v10h-21v-19h12v2h-10v15h17v-8h2zm3-12h-10.988l4.035 4-6.977 7.07 2.828 2.828 6.977-7.07 4.125 4.172v-11z"></path></symbol>
</defs></svg>
<script>!function(){var t=function(){try{return new URLSearchParams(window.location.search).get("docusaurus-theme")}catch(t){}}()||function(){try{return window.localStorage.getItem("theme")}catch(t){}}();document.documentElement.setAttribute("data-theme",t||(window.matchMedia("(prefers-color-scheme: dark)").matches?"dark":"light")),document.documentElement.setAttribute("data-theme-choice",t||"system")}(),function(){try{for(var[t,e]of new URLSearchParams(window.location.search).entries())if(t.startsWith("docusaurus-data-")){var a=t.replace("docusaurus-data-","data-");document.documentElement.setAttribute(a,e)}}catch(t){}}()</script><div id="__docusaurus"><div role="region" aria-label="Skip to main content"><a class="skipToContent_fXgn" href="#__docusaurus_skipToContent_fallback">Skip to main content</a></div><nav aria-label="Main" class="theme-layout-navbar navbar navbar--fixed-top"><div class="navbar__inner"><div class="theme-layout-navbar-left navbar__items"><button aria-label="Toggle navigation bar" aria-expanded="false" class="navbar__toggle clean-btn" type="button"><svg width="30" height="30" viewBox="0 0 30 30" aria-hidden="true"><path stroke="currentColor" stroke-linecap="round" stroke-miterlimit="10" stroke-width="2" d="M4 7h22M4 15h22M4 23h22"></path></svg></button><a class="navbar__brand" href="/"><div class="navbar__logo"><img src="/img/playwright-logo.svg" alt="Playwright logo" class="themedComponent_mlkZ themedComponent--light_NVdE"></div><b class="navbar__title text--truncate">Playwright</b></a><a class="navbar__item navbar__link" href="/docs/intro">Docs</a><a class="navbar__item navbar__link" href="/docs/api/class-playwright">API</a><div class="navbar__item dropdown dropdown--hoverable"><a href="#" aria-haspopup="true" aria-expanded="false" role="button" class="navbar__link">Node.js</a><ul class="dropdown__menu"><li><a href="/" target="_self" rel="noopener noreferrer" class="dropdown__link undefined dropdown__link--active" data-language-prefix="/">Node.js</a></li><li><a href="/python/" target="_self" rel="noopener noreferrer" class="dropdown__link" data-language-prefix="/python/">Python</a></li><li><a href="/java/" target="_self" rel="noopener noreferrer" class="dropdown__link" data-language-prefix="/java/">Java</a></li><li><a href="/dotnet/" target="_self" rel="noopener noreferrer" class="dropdown__link" data-language-prefix="/dotnet/">.NET</a></li></ul></div><a class="navbar__item navbar__link" href="/community/welcome">Community</a></div><div class="theme-layout-navbar-right navbar__items navbar__items--right"><a href="https://github.com/microsoft/playwright" target="_blank" rel="noopener noreferrer" class="navbar__item navbar__link header-github-link" aria-label="GitHub repository"></a><a href="https://aka.ms/playwright/discord" target="_blank" rel="noopener noreferrer" class="navbar__item navbar__link header-discord-link" aria-label="Discord server"></a><div class="toggle_vylO colorModeToggle_DEke"><button class="clean-btn toggleButton_gllP" type="button" title="system mode" aria-label="Switch between dark and light mode (currently system mode)"><svg viewBox="0 0 24 24" width="24" height="24" aria-hidden="true" class="toggleIcon_g3eP lightToggleIcon_pyhR"><path fill="currentColor" d="M12,9c1.65,0,3,1.35,3,3s-1.35,3-3,3s-3-1.35-3-3S10.35,9,12,9 M12,7c-2.76,0-5,2.24-5,5s2.24,5,5,5s5-2.24,5-5 S14.76,7,12,7L12,7z M2,13l2,0c0.55,0,1-0.45,1-1s-0.45-1-1-1l-2,0c-0.55,0-1,0.45-1,1S1.45,13,2,13z M20,13l2,0c0.55,0,1-0.45,1-1 s-0.45-1-1-1l-2,0c-0.55,0-1,0.45-1,1S19.45,13,20,13z M11,2v2c0,0.55,0.45,1,1,1s1-0.45,1-1V2c0-0.55-0.45-1-1-1S11,1.45,11,2z M11,20v2c0,0.55,0.45,1,1,1s1-0.45,1-1v-2c0-0.55-0.45-1-1-1C11.45,19,11,19.45,11,20z M5.99,4.58c-0.39-0.39-1.03-0.39-1.41,0 c-0.39,0.39-0.39,1.03,0,1.41l1.06,1.06c0.39,0.39,1.03,0.39,1.41,0s0.39-1.03,0-1.41L5.99,4.58z M18.36,16.95 c-0.39-0.39-1.03-0.39-1.41,0c-0.39,0.39-0.39,1.03,0,1.41l1.06,1.06c0.39,0.39,1.03,0.39,1.41,0c0.39-0.39,0.39-1.03,0-1.41 L18.36,16.95z M19.42,5.99c0.39-0.39,0.39-1.03,0-1.41c-0.39-0.39-1.03-0.39-1.41,0l-1.06,1.06c-0.39,0.39-0.39,1.03,0,1.41 s1.03,0.39,1.41,0L19.42,5.99z M7.05,18.36c0.39-0.39,0.39-1.03,0-1.41c-0.39-0.39-1.03-0.39-1.41,0l-1.06,1.06 c-0.39,0.39-0.39,1.03,0,1.41s1.03,0.39,1.41,0L7.05,18.36z"></path></svg><svg viewBox="0 0 24 24" width="24" height="24" aria-hidden="true" class="toggleIcon_g3eP darkToggleIcon_wfgR"><path fill="currentColor" d="M9.37,5.51C9.19,6.15,9.1,6.82,9.1,7.5c0,4.08,3.32,7.4,7.4,7.4c0.68,0,1.35-0.09,1.99-0.27C17.45,17.19,14.93,19,12,19 c-3.86,0-7-3.14-7-7C5,9.07,6.81,6.55,9.37,5.51z M12,3c-4.97,0-9,4.03-9,9s4.03,9,9,9s9-4.03,9-9c0-0.46-0.04-0.92-0.1-1.36 c-0.98,1.37-2.58,2.26-4.4,2.26c-2.98,0-5.4-2.42-5.4-5.4c0-1.81,0.89-3.42,2.26-4.4C12.92,3.04,12.46,3,12,3L12,3z"></path></svg><svg viewBox="0 0 24 24" width="24" height="24" aria-hidden="true" class="toggleIcon_g3eP systemToggleIcon_QzmC"><path fill="currentColor" d="m12 21c4.971 0 9-4.029 9-9s-4.029-9-9-9-9 4.029-9 9 4.029 9 9 9zm4.95-13.95c1.313 1.313 2.05 3.093 2.05 4.95s-0.738 3.637-2.05 4.95c-1.313 1.313-3.093 2.05-4.95 2.05v-14c1.857 0 3.637 0.737 4.95 2.05z"></path></svg></button></div><div class="navbarSearchContainer_Bca1"><button type="button" class="DocSearch DocSearch-Button" aria-label="Search (Ctrl+K)"><span class="DocSearch-Button-Container"><svg width="20" height="20" class="DocSearch-Search-Icon" viewBox="0 0 20 20" aria-hidden="true"><path d="M14.386 14.386l4.0877 4.0877-4.0877-4.0877c-2.9418 2.9419-7.7115 2.9419-10.6533 0-2.9419-2.9418-2.9419-7.7115 0-10.6533 2.9418-2.9419 7.7115-2.9419 10.6533 0 2.9419 2.9418 2.9419 7.7115 0 10.6533z" stroke="currentColor" fill="none" fill-rule="evenodd" stroke-linecap="round" stroke-linejoin="round"></path></svg><span class="DocSearch-Button-Placeholder">Search</span></span><span class="DocSearch-Button-Keys"><kbd class="DocSearch-Button-Key"><svg width="15" height="15" class="DocSearch-Control-Key-Icon"><path d="M4.505 4.496h2M5.505 5.496v5M8.216 4.496l.055 5.993M10 7.5c.333.333.5.667.5 1v2M12.326 4.5v5.996M8.384 4.496c1.674 0 2.116 0 2.116 1.5s-.442 1.5-2.116 1.5M3.205 9.303c-.09.448-.277 1.21-1.241 1.203C1 10.5.5 9.513.5 8V7c0-1.57.5-2.5 1.464-2.494.964.006 1.134.598 1.24 1.342M12.553 10.5h1.953" stroke-width="1.2" stroke="currentColor" fill="none" stroke-linecap="square"></path></svg></kbd><kbd class="DocSearch-Button-Key">K</kbd></span></button></div></div></div><div role="presentation" class="navbar-sidebar__backdrop"></div></nav><div id="__docusaurus_skipToContent_fallback" class="theme-layout-main main-wrapper mainWrapper_z2l0"><header class="hero hero--primary heroBanner_UJJx"><div class="container"><h1 class="hero__title heroTitle_ohkl"><span class="highlight_gXVj">Playwright</span> enables reliable end-to-end testing for modern web apps.</h1><div class="buttons_pzbO"><a class="getStarted_Sjon" href="/docs/intro">Get started</a><span class="github-btn github-stargazers github-btn-large"><a class="gh-btn" href="https://github.com/microsoft/playwright" rel="noopener noreferrer" target="_blank" aria-label="Star microsoft/playwright on GitHub"><span class="gh-ico" aria-hidden="true"></span><span class="gh-text">Star</span></a><a class="gh-count" href="https://github.com/microsoft/playwright/stargazers" rel="noopener noreferrer" target="_blank" aria-label="82k+ stargazers on GitHub" style="display:block">82k+</a></span></div></div></header><br><main><br><br><div style="text-align:center"><img src="img/logos/Browsers.png" width="40%" alt="Browsers (Chromium, Firefox, WebKit)"></div><section class="features_keug"><div class="container"><div class="row"><div class="col col--6" style="margin-top:40px"><h3>Any browser • Any platform • One API</h3><div><p><b>Cross-browser.</b> Playwright supports all modern rendering engines including Chromium, WebKit, and Firefox.</p><p><b>Cross-platform.</b> Test on Windows, Linux, and macOS, locally or on CI, headless or headed.</p><p><b>Cross-language.</b> Use the Playwright API in <a href="https://playwright.dev/docs/intro">TypeScript</a>, <a href="https://playwright.dev/docs/intro">JavaScript</a>, <a href="https://playwright.dev/python/docs/intro">Python</a>, <a href="https://playwright.dev/dotnet/docs/intro">.NET</a>, <a href="https://playwright.dev/java/docs/intro">Java</a>.</p><p><b>Test Mobile Web.</b> Native mobile emulation of Google Chrome for Android and Mobile Safari. The same rendering engine works on your Desktop and in the Cloud.</p></div></div><div class="col col--6" style="margin-top:40px"><h3></h3><div></div></div><div class="col col--6" style="margin-top:40px"><h3></h3><div></div></div><div class="col col--6" style="margin-top:40px"><h3>Resilient • No flaky tests</h3><div><p><b>Auto-wait.</b> Playwright waits for elements to be actionable prior to performing actions. It also has a rich set of introspection events. The combination of the two eliminates the need for artificial timeouts - the primary cause of flaky tests.</p><p><b>Web-first assertions.</b> Playwright assertions are created specifically for the dynamic web. Checks are automatically retried until the necessary conditions are met.</p><p><b>Tracing.</b> Configure test retry strategy, capture execution trace, videos, screenshots to eliminate flakes.</p></div></div><div class="col col--6" style="margin-top:40px"><h3>No trade-offs • No limits</h3><div><p>Browsers run web content belonging to different origins in different processes. Playwright is aligned with the modern browsers architecture and runs tests out-of-process. This makes Playwright free of the typical in-process test runner limitations.</p><p><b>Multiple everything.</b> Test scenarios that span multiple <b>tabs</b>, multiple <b>origins</b> and multiple <b>users</b>. Create scenarios with different contexts for different users and run them against your server, all in one test.</p><p><b>Trusted events.</b> Hover elements, interact with dynamic controls, produce trusted events. Playwright uses real browser input pipeline indistinguishable from the real user.</p><p><b>Test frames, pierce Shadow DOM.</b> Playwright selectors pierce shadow DOM and allow entering frames seamlessly.</p></div></div><div class="col col--6" style="margin-top:40px"><h3></h3><div></div></div><div class="col col--6" style="margin-top:40px"><h3></h3><div></div></div><div class="col col--6" style="margin-top:40px"><h3>Full isolation • Fast execution</h3><div><p><b>Browser contexts.</b> Playwright creates a browser context for each test. Browser context is equivalent to a brand new browser profile. This delivers full test isolation with zero overhead. Creating a new browser context only takes a handful of milliseconds.</p><p><b>Log in once.</b> Save the authentication state of the context and reuse it in all the tests. This bypasses repetitive log-in operations in each test, yet delivers full isolation of independent tests.</p></div></div><div class="col col--6" style="margin-top:40px"><h3>Powerful Tooling</h3><div><p><b><a href="docs/codegen">Codegen.</a></b> Generate tests by recording your actions. Save them into any language.</p><p><b><a href="docs/debug#playwright-inspector">Playwright inspector.</a></b> Inspect page, generate selectors, step through the test execution, see click points, explore execution logs.</p><p><b><a href="docs/trace-viewer-intro">Trace Viewer.</a></b> Capture all the information to investigate the test failure. Playwright trace contains test execution screencast, live DOM snapshots, action explorer, test source, and many more.</p></div></div></div></div></section><section class="logosSection_gMWS"><div class="container"><div class="row"><div class="col col--12 logosColumn_GJVT"><h2>Chosen by companies and open source projects</h2><ul class="logosList_zAAF"><li><a href="https://code.visualstudio.com" target="_blank" rel="noreferrer noopener"><img src="img/logos/VSCode.png" alt="VS Code"></a></li><li><a href="https://bing.com" target="_blank" rel="noreferrer noopener"><img src="img/logos/Bing.png" alt="Bing"></a></li><li><a href="https://outlook.com" target="_blank" rel="noreferrer noopener"><img src="img/logos/Outlook.png" alt="Outlook"></a></li><li><a href="https://www.hotstar.com/" target="_blank" rel="noreferrer noopener"><img src="img/logos/DHotstar.jpg" alt="Disney+ Hotstar"></a></li><li><a href="https://github.com/mui-org/material-ui" target="_blank" rel="noreferrer noopener"><img src="img/logos/MUI.png" alt="Material UI"></a></li><li><a href="https://github.com/ing-bank/lion" target="_blank" rel="noreferrer noopener"><img src="img/logos/ING.png" alt="ING"></a></li><li><a href="https://github.com/adobe/spectrum-web-components" target="_blank" rel="noreferrer noopener"><img src="img/logos/Adobe2.png" alt="Adobe"></a></li><li><a href="https://github.com/react-navigation/react-navigation" target="_blank" rel="noreferrer noopener"><img src="img/logos/ReactNavigation.png" alt="React Navigation"></a></li><li><a href="https://accessibilityinsights.io/" target="_blank" rel="noreferrer noopener"><img src="img/logos/accessibilityinsights.png" alt="Accessibility Insights"></a></li></ul></div></div></div></section></main></div><footer class="theme-layout-footer footer footer--dark"><div class="container container-fluid"><div class="row footer__links"><div class="theme-layout-footer-column col footer__col"><div class="footer__title">Learn</div><ul class="footer__items clean-list"><li class="footer__item"><a class="footer__link-item" href="/docs/intro">Getting started</a></li><li class="footer__item"><a href="https://learn.microsoft.com/en-us/training/modules/build-with-playwright/" target="_blank" rel="noopener noreferrer" class="footer__link-item">Playwright Training<svg width="13.5" height="13.5" aria-hidden="true" class="iconExternalLink_nPIU"><use href="#theme-svg-external-link"></use></svg></a></li><li class="footer__item"><a class="footer__link-item" href="/community/learn-videos">Learn Videos</a></li><li class="footer__item"><a class="footer__link-item" href="/community/feature-videos">Feature Videos</a></li></ul></div><div class="theme-layout-footer-column col footer__col"><div class="footer__title">Community</div><ul class="footer__items clean-list"><li class="footer__item"><a href="https://stackoverflow.com/questions/tagged/playwright" target="_blank" rel="noopener noreferrer" class="footer__link-item">Stack Overflow<svg width="13.5" height="13.5" aria-hidden="true" class="iconExternalLink_nPIU"><use href="#theme-svg-external-link"></use></svg></a></li><li class="footer__item"><a href="https://aka.ms/playwright/discord" target="_blank" rel="noopener noreferrer" class="footer__link-item">Discord<svg width="13.5" height="13.5" aria-hidden="true" class="iconExternalLink_nPIU"><use href="#theme-svg-external-link"></use></svg></a></li><li class="footer__item"><a href="https://twitter.com/playwrightweb" target="_blank" rel="noopener noreferrer" class="footer__link-item">Twitter<svg width="13.5" height="13.5" aria-hidden="true" class="iconExternalLink_nPIU"><use href="#theme-svg-external-link"></use></svg></a></li><li class="footer__item"><a href="https://www.linkedin.com/company/playwrightweb" target="_blank" rel="noopener noreferrer" class="footer__link-item">LinkedIn<svg width="13.5" height="13.5" aria-hidden="true" class="iconExternalLink_nPIU"><use href="#theme-svg-external-link"></use></svg></a></li></ul></div><div class="theme-layout-footer-column col footer__col"><div class="footer__title">More</div><ul class="footer__items clean-list"><li class="footer__item"><a href="https://github.com/microsoft/playwright" target="_blank" rel="noopener noreferrer" class="footer__link-item">GitHub<svg width="13.5" height="13.5" aria-hidden="true" class="iconExternalLink_nPIU"><use href="#theme-svg-external-link"></use></svg></a></li><li class="footer__item"><a href="https://www.youtube.com/channel/UC46Zj8pDH5tDosqm1gd7WTg" target="_blank" rel="noopener noreferrer" class="footer__link-item">YouTube<svg width="13.5" height="13.5" aria-hidden="true" class="iconExternalLink_nPIU"><use href="#theme-svg-external-link"></use></svg></a></li><li class="footer__item"><a href="https://dev.to/playwright" target="_blank" rel="noopener noreferrer" class="footer__link-item">Blog<svg width="13.5" height="13.5" aria-hidden="true" class="iconExternalLink_nPIU"><use href="#theme-svg-external-link"></use></svg></a></li><li class="footer__item"><a class="footer__link-item" href="/community/ambassadors">Ambassadors</a></li></ul></div></div><div class="footer__bottom text--center"><div class="footer__copyright">Copyright © 2026 Microsoft</div></div></div></footer></div></body>

Broken locator: "text= F started"

Return only the corrected locator, nothing else.
 Response code from DeepSeek: 200
 Raw response from DeepSeek:
{"model":"deepseek-r1:8b","created_at":"2026-02-12T21:07:00.0367958Z","response":"text=F started","thinking":"Okay, so I have to fix this broken Playwright locator. The original locator is \"text= F started\". Hmm, the first thing I notice is that there's a space before the 'F' in \" F started\". That space might be causing the issue because Playwright might not recognize it correctly. Let me check the DOM to see where \"F started\" is actually located.\n\nLooking through the DOM, I see that the title is \"Fast and reliable end-to-end testing for modern web apps | Playwright\". So the text \"F started\" isn't directly visible here, but maybe it's part of a heading or a section elsewhere. Wait, actually, the hero section has a title that says \"Playwright enables reliable end-to-end testing for modern web apps.\" and another one that says \"Playwright enables reliable end-to-end testing for modern web apps.\" Hmm, maybe \"F started\" is part of a different part of the page.\n\nWait, actually, looking again, the broken locator is trying to find text that includes \"F started\". The space before 'F' is probably a typo. If I remove that space, it becomes \"text=F started\", which might be more accurate. But I should check if there's an exact match for \"F started\" in the DOM. \n\nLooking through the DOM, I don't see the exact text \"F started\". Maybe it's a typo, and the intended text is \"Fast started\" or something else. Alternatively, maybe it's supposed to be \"F\" followed by something else. Without seeing the exact text in the DOM, it's hard to be sure. But given the context, \"F started\" might be a part of a section. \n\nAlternatively, maybe the locator is supposed to match a heading or a subheading that starts with \"F started\". Let me check the headings. The main title is \"Playwright enables reliable end-to-end testing for modern web apps.\" There's also a section titled \"Any browser • Any platform • One API\". Hmm, maybe the text is part of a different section. \n\nSince the broken locator has a typo with the space, the corrected locator should remove that space. So changing \"text= F started\" to \"text=F started\" might fix the issue. However, if the exact text is \" F started\" with a space, then the locator might still fail. But given that the space is likely a typo, removing it should help. \n\nAlternatively, maybe the locator is intended to match the beginning of a text. Playwright allows for partial matches, but by default, the text locator matches the entire text. So if the text is exactly \" F started\", then removing the space would still not match unless the actual text is \"F started\" without the space. \n\nBut without the exact context, the safest correction is to remove the leading space. So the corrected locator should be \"text=F started\".\n","done":true,"done_reason":"stop","context":[151669,2610,525,458,6203,7054,52752,32662,23576,13,16246,279,18051,323,264,10865,7054,52752,47117,11,470,26687,279,35965,7054,52752,9367,382,15242,510,16343,1784,5490,11617,428,8561,12,23,3088,5490,829,428,35851,1,2213,428,35,3384,42513,348,18,13,23,13,16,3088,2102,29,32174,323,14720,835,4686,13068,7497,369,6481,3482,10500,760,7054,52752,522,2102,1784,5490,821,3795,71,428,1866,1,829,428,18272,1,2213,428,3098,19718,9347,11,2856,12934,28,16,13,15,3088,5490,821,3795,71,428,1866,1,829,428,14679,25,4951,1,2213,428,1708,45228,4954,3088,5490,821,3795,71,428,1866,1,3343,428,538,37670,1,2213,428,2428,1110,23319,50991,50927,905,14,17,17,16,24,23,16,23,24,16,14,23,66,20,66,21,24,19,17,1786,24,16,69,12,19,2940,16,12,23,17,20,69,12,19,9792,19,22,19,15,20,21,8940,22,3088,5490,821,3795,71,428,1866,1,829,428,14679,37670,1,2213,428,2428,1110,23319,50991,50927,905,14,17,17,16,24,23,16,23,24,16,14,23,66,20,66,21,24,19,17,1786,24,16,69,12,19,2940,16,12,23,17,20,69,12,19,9792,19,22,19,15,20,21,8940,22,3088,5490,821,3795,71,428,1866,1,3343,428,538,35730,1,2213,428,2428,1110,1363,52752,21523,14,3088,5490,821,3795,71,428,1866,1,3343,428,538,25,14484,1,2213,428,268,3088,5490,821,3795,71,428,1866,1,829,428,67,3384,42513,55518,1,2213,428,268,3088,5490,821,3795,71,428,1866,1,829,428,67,3384,42513,9372,1,2213,428,2258,3088,5490,821,3795,71,428,1866,1,829,428,5236,1836,25,11528,1,2213,428,268,3088,5490,821,3795,71,428,1866,1,829,428,5236,1836,40422,3384,42513,9372,1,2213,428,2258,3088,2080,821,3795,71,428,1866,1,1351,428,1924,1,1801,5914,1892,81092,52752,33797,39186,3088,2080,821,3795,71,428,1866,1,1351,428,77942,1,1801,428,2428,1110,1363,52752,21523,14,3088,2080,821,3795,71,428,1866,1,1351,428,75362,1,1801,428,2428,1110,1363,52752,21523,11225,1801,5205,428,268,3088,2080,821,3795,71,428,1866,1,1351,428,75362,1,1801,428,2428,1110,1363,52752,21523,11225,1801,5205,428,87,13672,3088,2080,1351,428,1836,1,943,428,5132,52000,1117,1113,4684,65837,1,2265,428,9137,52752,1,1801,5914,453,1117,1113,9028,3088,2282,2286,5914,2519,77900,2866,2857,2000,2282,1784,2080,1351,428,6793,1,1801,5914,5160,6710,27788,13,19,17,7221,17,2940,24,4327,3088,2282,2286,5914,5160,9113,39298,93,3817,13,16,329,580,24,10798,2857,1,17956,39583,2282,1784,2282,2286,5914,5160,9113,15351,5849,17,66,21,20,67,19,65,2857,1,17956,39583,2282,1784,5490,3343,428,538,58649,1,2213,428,32174,323,14720,835,4686,13068,7497,369,6481,3482,10500,760,7054,52752,1,821,3795,71,428,1866,3088,5490,829,428,4684,1,2213,428,28501,31555,835,4686,13068,7497,369,6481,3482,10500,1,821,3795,71,428,1866,3088,5490,3343,428,538,93323,1,2213,428,28501,31555,835,4686,13068,7497,369,6481,3482,10500,1,821,3795,71,428,1866,3088,2080,1351,428,1726,6459,1,1801,428,2428,1110,42,15,24,1317,11604,53,21,55,1737,9613,12168,70,38160,5071,1,30901,428,25280,1,821,3795,71,428,1866,3088,2080,1351,428,30552,2995,1,1801,5914,5160,9113,14,20,68,24,20,66,23,24,17,13,15,19,64,20,15,65,21,65,2857,3088,2080,1351,428,30552,2995,1,1801,5914,5160,9113,14,12004,17,16,5305,15,13,18,450,24,66,20,15,16,2857,3088,2080,1351,428,30552,2995,1,1801,5914,5160,9113,14186,22,8940,19,32646,13,17,67,24,24,18,24,6066,2857,3088,2080,1351,428,30552,2995,1,1801,5914,5160,9113,14,15,15,20,23,65,19,66,21,13,5305,18,67,24,16,22,20,2857,3088,2080,1351,428,30552,2995,1,1801,5914,5160,9113,14186,24,19,22,15,18,370,13,18,24,23,370,346,16,2857,3088,2080,1351,428,30552,2995,1,1801,5914,5160,9113,14,20,68,24,20,66,23,24,17,13,15,19,64,20,15,65,21,65,2857,3088,2080,1351,428,30552,2995,1,1801,5914,5160,9113,14,12004,17,16,5305,15,13,18,450,24,66,20,15,16,2857,3088,2080,1351,428,30552,2995,1,1801,5914,5160,9113,14186,22,8940,19,32646,13,17,67,24,24,18,24,6066,2857,3088,2080,1351,428,30552,2995,1,1801,5914,5160,9113,14,15,15,20,23,65,19,66,21,13,5305,18,67,24,16,22,20,2857,3088,2080,1351,428,30552,2995,1,1801,5914,5160,9113,14186,24,19,22,15,18,370,13,18,24,23,370,346,16,2857,3088,2080,1351,428,30552,2995,1,1801,5914,5160,9113,14,20,68,24,20,66,23,24,17,13,15,19,64,20,15,65,21,65,2857,3088,2080,1351,428,30552,2995,1,1801,5914,5160,9113,14,12004,17,16,5305,15,13,18,450,24,66,20,15,16,2857,3088,2080,1351,428,30552,2995,1,1801,5914,5160,9113,14186,22,8940,19,32646,13,17,67,24,24,18,24,6066,2857,3088,2080,1351,428,30552,2995,1,1801,5914,5160,9113,14,15,15,20,23,65,19,66,21,13,5305,18,67,24,16,22,20,2857,3088,2080,1351,428,30552,2995,1,1801,5914,5160,9113,14186,24,19,22,15,18,370,13,18,24,23,370,346,16,2857,3088,2080,1351,428,30552,2995,1,1801,5914,5160,9113,14,16,22,23,24,21,19,19,16,13,16,19,22,23,17,20,22,20,2857,3088,2080,1351,428,30552,2995,1,1801,5914,5160,9113,14,19,9792,20,16,65,17,22,13,24,69,19,24,22,64,23,21,2857,3088,2080,1351,428,30552,2995,1,1801,5914,5160,9113,14,16,2940,24,18,65,22,69,13,22,23,329,24,24,65,19,2857,3088,2080,1351,428,30552,2995,1,1801,5914,5160,9113,14186,22,19,20,21,15,16,15,13,16,20,21,22,65,21,69,20,2857,3088,2080,1351,428,30552,2995,1,1801,5914,5160,9113,14,20,68,24,20,66,23,24,17,13,15,19,64,20,15,65,21,65,2857,3088,2080,1351,428,30552,2995,1,1801,5914,5160,9113,16546,15,22,16,24,23,16,23,950,24,65,24,65,24,16,21,2857,3088,2080,1351,428,30552,2995,1,1801,5914,5160,9113,14186,22,8940,19,32646,13,17,67,24,24,18,24,6066,2857,3088,2080,1351,428,30552,2995,1,1801,5914,5160,9113,3446,17,19,18,21,64,17,65,13,22,15,22,16,823,22,16,2857,3088,2080,1351,428,30552,2995,1,1801,5914,5160,9113,14186,24,19,22,15,18,370,13,18,24,23,370,346,16,2857,3088,2080,1351,428,30552,2995,1,1801,5914,5160,9113,14,20,68,24,20,66,23,24,17,13,15,19,64,20,15,65,21,65,2857,3088,2080,1351,428,30552,2995,1,1801,5914,5160,9113,16546,15,22,16,24,23,16,23,950,24,65,24,65,24,16,21,2857,3088,2080,1351,428,30552,2995,1,1801,5914,5160,9113,14186,22,8940,19,32646,13,17,67,24,24,18,24,6066,2857,3088,2080,1351,428,30552,2995,1,1801,5914,5160,9113,3446,17,19,18,21,64,17,65,13,22,15,22,16,823,22,16,2857,3088,2080,1351,428,30552,2995,1,1801,5914,5160,9113,14186,24,19,22,15,18,370,13,18,24,23,370,346,16,2857,3088,2080,1351,428,30552,2995,1,1801,5914,5160,9113,14,20,68,24,20,66,23,24,17,13,15,19,64,20,15,65,21,65,2857,3088,2080,1351,428,30552,2995,1,1801,5914,5160,9113,16546,15,22,16,24,23,16,23,950,24,65,24,65,24,16,21,2857,3088,2080,1351,428,30552,2995,1,1801,5914,5160,9113,14186,22,8940,19,32646,13,17,67,24,24,18,24,6066,2857,3088,2080,1351,428,30552,2995,1,1801,5914,5160,9113,3446,17,19,18,21,64,17,65,13,22,15,22,16,823,22,16,2857,3088,2080,1351,428,30552,2995,1,1801,5914,5160,9113,14186,24,19,22,15,18,370,13,18,24,23,370,346,16,2857,3088,2080,1351,428,30552,2995,1,1801,5914,5160,9113,14,16,22,23,24,21,19,19,16,13,16,19,22,23,17,20,22,20,2857,3088,2080,1351,428,30552,2995,1,1801,5914,5160,9113,14,15,23,18,69,21,15,69,18,13,19,67,20,21,19,67,15,19,2857,3088,2080,1351,428,30552,2995,1,1801,5914,5160,9113,14,20,68,24,20,66,23,24,17,13,15,19,64,20,15,65,21,65,2857,3088,2080,1351,428,30552,2995,1,1801,5914,5160,9113,14,12004,17,16,5305,15,13,18,450,24,66,20,15,16,2857,3088,2080,1351,428,30552,2995,1,1801,5914,5160,9113,14186,22,8940,19,32646,13,17,67,24,24,18,24,6066,2857,3088,2080,1351,428,30552,2995,1,1801,5914,5160,9113,14,15,15,20,23,65,19,66,21,13,5305,18,67,24,16,22,20,2857,3088,2080,1351,428,30552,2995,1,1801,5914,5160,9113,14186,24,19,22,15,18,370,13,18,24,23,370,346,16,2857,3088,2080,1351,428,30552,2995,1,1801,5914,5160,9113,14,20,68,24,20,66,23,24,17,13,15,19,64,20,15,65,21,65,2857,3088,2080,1351,428,30552,2995,1,1801,5914,5160,9113,14,12004,17,16,5305,15,13,18,450,24,66,20,15,16,2857,3088,2080,1351,428,30552,2995,1,1801,5914,5160,9113,14186,22,8940,19,32646,13,17,67,24,24,18,24,6066,2857,3088,2080,1351,428,30552,2995,1,1801,5914,5160,9113,14,15,15,20,23,65,19,66,21,13,5305,18,67,24,16,22,20,2857,3088,2080,1351,428,30552,2995,1,1801,5914,5160,9113,14186,24,19,22,15,18,370,13,18,24,23,370,346,16,2857,3088,2080,1351,428,30552,2995,1,1801,5914,5160,9113,14,20,68,24,20,66,23,24,17,13,15,19,64,20,15,65,21,65,2857,3088,2080,1351,428,30552,2995,1,1801,5914,5160,9113,14,12004,17,16,5305,15,13,18,450,24,66,20,15,16,2857,3088,2080,1351,428,30552,2995,1,1801,5914,5160,9113,14186,22,8940,19,32646,13,17,67,24,24,18,24,6066,2857,3088,2080,1351,428,30552,2995,1,1801,5914,5160,9113,14,15,15,20,23,65,19,66,21,13,5305,18,67,24,16,22,20,2857,3088,2080,1351,428,30552,2995,1,1801,5914,5160,9113,14186,24,19,22,15,18,370,13,18,24,23,370,346,16,2857,3088,2080,1351,428,30552,2995,1,1801,5914,5160,9113,14,16,22,23,24,21,19,19,16,13,16,19,22,23,17,20,22,20,2857,3088,2080,1351,428,30552,2995,1,1801,5914,5160,9113,14,24,15,69,18,24,21,68,20,13,21,22,20,92106,580,2857,2000,1983,1784,2599,536,428,22608,26189,16173,2482,1,821,3795,71,428,1040,1,1707,428,20823,25,9434,29652,15196,24967,428,1254,1110,2136,1418,18,2659,14,17,15,15,15,32800,1,1707,428,5493,25,6857,29652,48485,397,27,18785,877,428,9047,58569,12,20921,8965,1,37996,428,15,220,15,220,17,19,220,17,19,3088,2343,5155,428,60745,1,294,428,44,17,16,220,16,18,85,16,15,71,12,17,16,85,12,16,24,71,16,17,85,17,71,12,16,15,85,16,20,71,16,22,85,12,23,71,17,31489,18,12,16,17,71,12,16,15,13,24,23,23,75,19,13,15,18,20,220,19,12,21,13,24,22,22,220,22,13,15,22,220,17,13,23,17,23,220,17,13,23,17,23,220,21,13,24,22,22,12,22,13,15,22,220,19,13,16,17,20,220,19,13,16,22,17,85,12,16,16,89,2000,2343,1472,18785,397,522,48485,1472,15196,397,7734,29,0,1688,11895,947,259,29486,11895,1539,54678,501,5548,94857,15906,8219,9288,568,455,445,67,3384,42513,33185,67455,7173,1155,6098,3417,368,8484,1688,11895,1539,54678,3241,48107,12471,445,9047,67455,7173,1155,6098,3417,2129,6062,43540,13094,445,691,33185,497,83,82432,5507,11072,12661,31732,30552,388,7889,1331,8058,25,6319,63554,19914,7521,22624,3252,4145,35674,6062,43540,13094,445,691,33185,62626,497,83,8484,1,8948,67455,1507,1688,11895,1539,90,1958,7537,14193,22563,60,1055,501,5548,94857,15906,8219,9288,568,12940,2140,333,1155,26603,445,67,3384,42513,13945,12,2761,90,947,264,24000,6980,445,67,3384,42513,13945,12,2198,691,12,5038,6062,43540,13094,2877,22563,52731,7173,1155,6098,3417,86661,2282,1784,611,877,78527,67,3384,42513,3088,611,3476,428,3943,1,7131,6942,428,35134,311,1887,2213,3088,64,536,428,20599,1249,2762,761,55,4905,1,1801,4649,563,67,3384,42513,44830,1249,2762,761,3420,755,35134,311,1887,2213,522,64,1472,611,1784,3722,7131,6942,428,6202,1,536,428,9047,37803,52332,15548,15548,313,22021,8175,3088,611,536,428,9839,563,4382,3088,611,536,428,9047,37803,52332,7950,15548,563,3615,3088,2159,7131,6942,428,18897,10646,3619,1,7131,30036,428,3849,1,536,428,9839,563,17703,4240,15591,1,943,428,2159,3088,15196,2374,428,18,15,1,2608,428,18,15,1,37996,428,15,220,15,220,18,15,220,18,15,1,7131,13306,428,1866,3088,2343,12654,428,60745,1,12654,8447,11346,428,1049,1,12654,1448,2015,9506,428,16,15,1,12654,9347,428,17,1,294,428,44,19,220,22,71,17,17,44,19,220,16,20,71,17,17,44,19,220,17,18,71,17,17,2000,2343,1472,15196,1472,2159,1784,64,536,428,9839,563,13473,1,1801,5914,3088,611,536,428,9839,563,10129,3088,1892,2286,5914,1892,81092,52752,33797,15228,1,4797,428,9137,52752,12426,1,536,428,339,16404,2189,717,41748,57,48544,2189,313,4145,49631,67,36,2000,611,1784,65,536,428,9839,563,2102,1467,313,66054,755,9137,52752,522,65,1472,64,1784,64,536,428,9839,563,1203,15548,563,2080,1,1801,5914,14120,31114,299,755,63107,522,64,1784,64,536,428,9839,563,1203,15548,563,2080,1,1801,5914,14120,10508,25514,26544,52752,755,7082,522,64,1784,611,536,428,9839,563,1203,20389,20389,313,17583,480,3088,64,1801,13395,7131,61226,428,1866,1,7131,30036,428,3849,1,3476,428,2159,1,536,428,9839,563,2080,755,1955,2857,522,64,1784,360,536,428,11138,563,6064,3088,742,1784,64,1801,44609,2169,13010,721,1,1351,428,66106,71604,1,536,428,11138,563,2080,5614,20389,563,2080,313,3028,1,821,43558,67181,68939,1955,2857,522,64,1472,742,1784,742,1784,64,1801,5914,12669,11225,2169,13010,721,1,1351,428,66106,71604,1,536,428,11138,563,2080,1,821,43558,67181,5914,12669,38681,30280,522,64,1472,742,1784,742,1784,64,1801,5914,10042,11225,2169,13010,721,1,1351,428,66106,71604,1,536,428,11138,563,2080,1,821,43558,67181,5914,10042,38681,15041,522,64,1472,742,1784,742,1784,64,1801,5914,16119,4711,11225,2169,13010,721,1,1351,428,66106,71604,1,536,428,11138,563,2080,1,821,43558,67181,5914,16119,4711,38681,13,15373,522,64,1472,742,1472,360,1472,611,1784,64,536,428,9839,563,1203,15548,563,2080,1,1801,5914,28402,86697,755,33768,522,64,1472,611,1784,611,536,428,9047,37803,52332,6701,15548,563,3615,15548,563,3615,313,1291,3088,64,1801,428,2428,1110,5204,905,3183,3929,81092,52752,1,2169,13010,10189,1,1351,428,66106,71604,1,536,428,9839,563,1203,15548,563,2080,4247,2371,3827,8965,1,7131,6942,428,75615,12542,2000,64,1784,64,1801,428,2428,1110,13334,39115,81092,52752,95454,539,1,2169,13010,10189,1,1351,428,66106,71604,1,536,428,9839,563,1203,15548,563,2080,4247,51665,539,8965,1,7131,6942,428,23477,539,3538,2000,64,1784,611,536,428,17703,2273,3923,46,1894,3636,18897,2881,440,3088,2159,536,428,18377,15591,14999,1567,1889,654,47,1,943,428,2159,1,2265,428,8948,3856,1,7131,6942,428,16837,1948,6319,323,3100,3856,320,58202,1849,3856,8,3088,15196,37996,428,15,220,15,220,17,19,220,17,19,1,2374,428,17,19,1,2608,428,17,19,1,7131,13306,428,1866,1,536,428,17703,4395,1889,18,68,47,3100,18897,4395,40291,71,49,3088,2343,5155,428,60745,1,294,428,44,16,17,11,24,66,16,13,21,20,11,15,11,18,11,16,13,18,20,11,18,11,18,82,12,16,13,18,20,11,18,12,18,11,18,82,12,18,12,16,13,18,20,12,18,12,18,50,16,15,13,18,20,11,24,11,16,17,11,24,386,16,17,11,22,66,12,17,13,22,21,11,15,12,20,11,17,13,17,19,12,20,11,20,82,17,13,17,19,11,20,11,20,11,20,82,20,12,17,13,17,19,11,20,12,20,328,16,19,13,22,21,11,22,11,16,17,11,22,43,16,17,11,22,89,386,17,11,16,18,75,17,11,15,66,15,13,20,20,11,15,11,16,12,15,13,19,20,11,16,12,16,82,12,15,13,19,20,12,16,12,16,12,16,75,12,17,11,15,66,12,15,13,20,20,11,15,12,16,11,15,13,19,20,12,16,11,16,50,16,13,19,20,11,16,18,11,17,11,16,18,89,386,17,15,11,16,18,75,17,11,15,66,15,13,20,20,11,15,11,16,12,15,13,19,20,11,16,12,16,274,12,15,13,19,20,12,16,12,16,12,16,75,12,17,11,15,66,12,15,13,20,20,11,15,12,16,11,15,13,19,20,12,16,11,16,50,16,24,13,19,20,11,16,18,11,17,15,11,16,18,89,386,16,16,11,17,85,17,66,15,11,15,13,20,20,11,15,13,19,20,11,16,11,16,11,16,82,16,12,15,13,19,20,11,16,12,16,53,17,66,15,12,15,13,20,20,12,15,13,19,20,12,16,12,16,12,16,50,16,16,11,16,13,19,20,11,16,16,11,17,89,386,16,16,11,17,15,85,17,66,15,11,15,13,20,20,11,15,13,19,20,11,16,11,16,11,16,82,16,12,15,13,19,20,11,16,12,16,85,12,17,66,15,12,15,13,20,20,12,15,13,19,20,12,16,12,16,12,16,34,16,16,13,19,20,11,16,24,11,16,16,11,16,24,13,19,20,11,16,16,11,17,15,89,386,20,13,24,24,11,19,13,20,23,66,12,15,13,18,24,12,15,13,18,24,12,16,13,15,18,12,15,13,18,24,12,16,13,19,16,11,15,272,12,15,13,18,24,11,15,13,18,24,12,15,13,18,24,11,16,13,15,18,11,15,11,16,13,19,16,75,16,13,15,21,11,16,13,15,21,66,15,13,18,24,11,15,13,18,24,11,16,13,15,18,11,15,13,18,24,11,16,13,19,16,11,15,82,15,13,18,24,12,16,13,15,18,11,15,12,16,13,19,16,43,20,13,24,24,11,19,13,20,23,89,386,16,23,13,18,21,11,16,21,13,24,20,272,12,15,13,18,24,12,15,13,18,24,12,16,13,15,18,12,15,13,18,24,12,16,13,19,16,11,15,66,12,15,13,18,24,11,15,13,18,24,12,15,13,18,24,11,16,13,15,18,11,15,11,16,13,19,16,75,16,13,15,21,11,16,13,15,21,66,15,13,18,24,11,15,13,18,24,11,16,13,15,18,11,15,13,18,24,11,16,13,19,16,11,15,66,15,13,18,24,12,15,13,18,24,11,15,13,18,24,12,16,13,15,18,11,15,12,16,13,19,16,444,16,23,13,18,21,11,16,21,13,24,20,89,386,16,24,13,19,17,11,20,13,24,24,66,15,13,18,24,12,15,13,18,24,11,15,13,18,24,12,16,13,15,18,11,15,12,16,13,19,16,66,12,15,13,18,24,12,15,13,18,24,12,16,13,15,18,12,15,13,18,24,12,16,13,19,16,11,15,75,12,16,13,15,21,11,16,13,15,21,66,12,15,13,18,24,11,15,13,18,24,12,15,13,18,24,11,16,13,15,18,11,15,11,16,13,19,16,274,16,13,15,18,11,15,13,18,24,11,16,13,19,16,11,15,43,16,24,13,19,17,11,20,13,24,24,89,386,22,13,15,20,11,16,23,13,18,21,66,15,13,18,24,12,15,13,18,24,11,15,13,18,24,12,16,13,15,18,11,15,12,16,13,19,16,66,12,15,13,18,24,12,15,13,18,24,12,16,13,15,18,12,15,13,18,24,12,16,13,19,16,11,15,75,12,16,13,15,21,11,16,13,15,21,272,12,15,13,18,24,11,15,13,18,24,12,15,13,18,24,11,16,13,15,18,11,15,11,16,13,19,16,82,16,13,15,18,11,15,13,18,24,11,16,13,19,16,11,15,43,22,13,15,20,11,16,23,13,18,21,89,2000,2343,1472,15196,1784,15196,37996,428,15,220,15,220,17,19,220,17,19,1,2374,428,17,19,1,2608,428,17,19,1,7131,13306,428,1866,1,536,428,17703,4395,1889,18,68,47,6319,18897,4395,1670,4817,49,3088,2343,5155,428,60745,1,294,428,44,24,13,18,22,11,20,13,20,16,34,24,13,16,24,11,21,13,16,20,11,24,13,16,11,21,13,23,17,11,24,13,16,11,22,13,20,66,15,11,19,13,15,23,11,18,13,18,17,11,22,13,19,11,22,13,19,11,22,13,19,66,15,13,21,23,11,15,11,16,13,18,20,12,15,13,15,24,11,16,13,24,24,12,15,13,17,22,34,16,22,13,19,20,11,16,22,13,16,24,11,16,19,13,24,18,11,16,24,11,16,17,11,16,24,272,12,18,13,23,21,11,15,12,22,12,18,13,16,19,12,22,12,22,34,20,11,24,13,15,22,11,21,13,23,16,11,21,13,20,20,11,24,13,18,22,11,20,13,20,16,89,386,16,17,11,18,66,12,19,13,24,22,11,15,12,24,11,19,13,15,18,12,24,11,24,82,19,13,15,18,11,24,11,24,11,24,82,24,12,19,13,15,18,11,24,12,24,66,15,12,15,13,19,21,12,15,13,15,19,12,15,13,24,17,12,15,13,16,12,16,13,18,21,272,12,15,13,24,23,11,16,13,18,22,12,17,13,20,23,11,17,13,17,21,12,19,13,19,11,17,13,17,21,66,12,17,13,24,23,11,15,12,20,13,19,12,17,13,19,17,12,20,13,19,12,20,13,19,66,15,12,16,13,23,16,11,15,13,23,24,12,18,13,19,17,11,17,13,17,21,12,19,13,19,34,16,17,13,24,17,11,18,13,15,19,11,16,17,13,19,21,11,18,11,16,17,11,18,43,16,17,11,18,89,2000,2343,1472,15196,1784,15196,37996,428,15,220,15,220,17,19,220,17,19,1,2374,428,17,19,1,2608,428,17,19,1,7131,13306,428,1866,1,536,428,17703,4395,1889,18,68,47,1849,18897,4395,13337,31489,34,3088,2343,5155,428,60745,1,294,428,76,16,17,220,17,16,66,19,13,24,22,16,220,15,220,24,12,19,13,15,17,24,220,24,12,24,82,12,19,13,15,17,24,12,24,12,24,12,24,12,24,220,19,13,15,17,24,12,24,220,24,220,19,13,15,17,24,220,24,220,24,220,24,31489,19,13,24,20,12,16,18,13,24,20,66,16,13,18,16,18,220,16,13,18,16,18,220,17,13,15,20,220,18,13,15,24,18,220,17,13,15,20,220,19,13,24,20,82,12,15,13,22,18,23,220,18,13,21,18,22,12,17,13,15,20,220,19,13,24,20,66,12,16,13,18,16,18,220,16,13,18,16,18,12,18,13,15,24,18,220,17,13,15,20,12,19,13,24,20,220,17,13,15,20,85,12,16,19,66,16,13,23,20,22,220,15,220,18,13,21,18,22,220,15,13,22,18,22,220,19,13,24,20,220,17,13,15,20,89,2000,2343,1472,15196,1472,2159,1472,611,1784,611,536,428,9839,5890,4502,1668,924,16,3088,2159,943,428,2159,1,536,428,9550,5890,21709,5890,12,1567,1,7131,6942,428,5890,320,15001,10,42,8,3088,1480,536,428,9550,5890,12,1567,12,4502,3088,15196,2374,428,17,15,1,2608,428,17,15,1,536,428,9550,5890,12,5890,12,4395,1,37996,428,15,220,15,220,17,15,220,17,15,1,7131,13306,428,1866,3088,2343,294,428,44,16,19,13,18,23,21,220,16,19,13,18,23,21,75,19,13,15,23,22,22,220,19,13,15,23,22,22,12,19,13,15,23,22,22,12,19,13,15,23,22,22,66,12,17,13,24,19,16,23,220,17,13,24,19,16,24,12,22,13,22,16,16,20,220,17,13,24,19,16,24,12,16,15,13,21,20,18,18,220,15,12,17,13,24,19,16,24,12,17,13,24,19,16,23,12,17,13,24,19,16,24,12,22,13,22,16,16,20,220,15,12,16,15,13,21,20,18,18,220,17,13,24,19,16,23,12,17,13,24,19,16,24,220,22,13,22,16,16,20,12,17,13,24,19,16,24,220,16,15,13,21,20,18,18,220,15,220,17,13,24,19,16,24,220,17,13,24,19,16,23,220,17,13,24,19,16,24,220,22,13,22,16,16,20,220,15,220,16,15,13,21,20,18,18,89,1,12654,428,60745,1,5155,428,6697,1,5155,59301,428,83627,1,12654,8447,11346,428,1049,1,12654,8447,5987,428,1049,2000,2343,1472,15196,1784,1480,536,428,9550,5890,12,1567,12,48305,755,5890,522,1480,1472,1480,1784,1480,536,428,9550,5890,12,1567,12,8850,3088,48456,536,428,9550,5890,12,1567,94321,3088,15196,2374,428,16,20,1,2608,428,16,20,1,536,428,9550,5890,25056,94321,12,4395,3088,2343,294,428,44,19,13,20,15,20,220,19,13,19,24,21,71,17,44,20,13,20,15,20,220,20,13,19,24,21,85,20,44,23,13,17,16,21,220,19,13,19,24,21,75,13,15,20,20,220,20,13,24,24,18,44,16,15,220,22,13,20,66,13,18,18,18,13,18,18,18,13,20,13,21,21,22,13,20,220,16,85,17,44,16,17,13,18,17,21,220,19,13,20,85,20,13,24,24,21,44,23,13,18,23,19,220,19,13,19,24,21,66,16,13,21,22,19,220,15,220,17,13,16,16,21,220,15,220,17,13,16,16,21,220,16,13,20,82,14523,19,19,17,220,16,13,20,12,17,13,16,16,21,220,16,13,20,44,18,13,17,15,20,220,24,13,18,15,18,66,14523,15,24,13,19,19,23,14523,17,22,22,220,16,13,17,16,12,16,13,17,19,16,220,16,13,17,15,18,34,16,220,16,15,13,20,13,20,220,24,13,20,16,18,13,20,220,23,53,22,66,15,12,16,13,20,22,13,20,12,17,13,20,220,16,13,19,21,19,12,17,13,19,24,19,13,24,21,19,13,15,15,21,220,16,13,16,18,19,13,20,24,23,220,16,13,17,19,220,16,13,18,19,17,44,16,17,13,20,20,18,220,16,15,13,20,71,16,13,24,20,18,1,12654,9347,428,16,13,17,1,12654,428,60745,1,5155,428,6697,1,12654,8447,11346,428,37476,2000,2343,1472,15196,1472,48456,1784,48456,536,428,9550,5890,12,1567,94321,755,42,522,48456,1472,1480,1472,2159,1472,611,1472,611,1472,611,1784,611,3476,428,43925,1,536,428,9839,34128,563,1419,6719,2000,611,1472,3722,1784,611,877,78527,67,3384,42513,44830,1249,2762,761,3420,1,536,428,9047,37803,29992,1887,17388,1887,11542,6415,17,75,15,3088,2708,536,428,17732,11821,313,6545,11821,43168,6665,63391,87,3088,611,536,428,3586,3088,71,16,536,428,17732,563,2102,11821,3851,62,2267,10561,3088,1480,536,428,35198,1889,55,53,73,755,9137,52752,522,1480,29,20081,14720,835,4686,13068,7497,369,6481,3482,10500,3918,71,16,1784,611,536,428,24086,620,25329,46,3088,64,536,428,455,32527,1098,34165,1,1801,5914,14120,31114,299,755,1949,3855,522,64,1784,1480,536,428,5204,15591,31004,5477,858,60307,31004,15591,39148,3088,64,536,428,866,15591,1,1801,428,2428,1110,5204,905,3183,3929,81092,52752,1,1351,428,66106,71604,1,2169,13010,10189,1,7131,6942,428,12699,79896,81092,52752,389,32095,3088,1480,536,428,866,12,3955,1,7131,13306,428,1866,2000,1480,1784,1480,536,428,866,9345,755,12699,522,1480,1472,64,1784,64,536,428,866,26580,1,1801,428,2428,1110,5204,905,3183,3929,81092,52752,14272,858,60307,1,1351,428,66106,71604,1,2169,13010,10189,1,7131,6942,428,23,17,74,10,357,858,60307,389,32095,1,1707,428,5493,57628,755,23,17,74,79265,64,1472,1480,1472,611,1472,611,1472,2708,1784,1323,1784,3817,1784,1323,1784,1323,1784,611,1707,428,1318,9644,27678,3088,1892,2286,428,1892,19413,436,16276,90558,3508,1,2374,428,19,15,15794,4797,428,33,90558,320,1143,77859,11,25929,11,4895,7695,8,2000,611,1784,2809,536,428,20304,45476,768,3088,611,536,428,3586,3088,611,536,428,651,3088,611,536,428,2074,1375,313,21,1,1707,428,8936,8175,25,19,15,1767,3088,71,18,29,8610,6929,7288,5765,5339,7288,3776,5333,522,71,18,1784,611,1784,79,1784,65,25630,2128,31555,3918,65,29,7054,52752,11554,678,6481,20898,21106,2670,57165,11,4895,7695,11,323,25929,3918,79,1784,79,1784,65,25630,2128,54025,3918,65,29,3393,389,5515,11,14340,11,323,67178,11,23490,476,389,20694,11,1968,1717,476,19383,3918,79,1784,79,1784,65,25630,2128,43558,3918,65,29,5443,279,7054,52752,5333,304,366,64,1801,428,2428,1110,1363,52752,21523,25967,31114,299,755,929,5910,522,64,8066,366,64,1801,428,2428,1110,1363,52752,21523,25967,31114,299,755,29475,522,64,8066,366,64,1801,428,2428,1110,1363,52752,21523,23266,25967,31114,299,755,30280,522,64,8066,366,64,1801,428,2428,1110,1363,52752,21523,3446,354,4711,25967,31114,299,755,13,15373,522,64,8066,366,64,1801,428,2428,1110,1363,52752,21523,47200,25967,31114,299,755,15041,522,64,39874,79,1784,79,1784,65,29,2271,13411,4895,3918,65,29,16703,6371,78841,315,5085,17225,369,8514,323,13411,28761,13,576,1852,20898,4712,4278,389,697,35300,323,304,279,14817,3918,79,1472,611,1472,611,1784,611,536,428,2074,1375,313,21,1,1707,428,8936,8175,25,19,15,1767,3088,71,18,1472,71,18,1784,611,1472,611,1472,611,1784,611,536,428,2074,1375,313,21,1,1707,428,8936,8175,25,19,15,1767,3088,71,18,1472,71,18,1784,611,1472,611,1472,611,1784,611,536,428,2074,1375,313,21,1,1707,428,8936,8175,25,19,15,1767,3088,71,18,29,1061,321,1167,7288,2308,1320,28100,7032,522,71,18,1784,611,1784,79,1784,65,29,13253,2630,1315,3918,65,29,7054,52752,46936,369,5424,311,387,91078,4867,311,16380,6168,13,1084,1083,702,264,9080,738,315,25528,16076,4357,13,576,10601,315,279,1378,59844,279,1184,369,20443,91444,481,279,6028,5240,315,1320,28100,7032,3918,79,1784,79,1784,65,29,5981,36943,54836,3918,65,29,7054,52752,54836,525,3465,11689,369,279,8741,3482,13,24843,525,9463,37731,1122,3080,279,5871,4682,525,2270,3918,79,1784,79,1784,65,29,1282,4527,3918,65,29,22169,1273,22683,8282,11,12322,11320,11655,11,6803,11,48720,311,21725,81623,3918,79,1472,611,1472,611,1784,611,536,428,2074,1375,313,21,1,1707,428,8936,8175,25,19,15,1767,3088,71,18,41157,6559,63939,7288,2308,13388,522,71,18,1784,611,1784,79,36721,90558,1598,3482,2213,32052,311,2155,32372,304,2155,11364,13,7054,52752,374,26118,448,279,6481,32857,17646,323,8473,7032,700,8668,50094,13,1096,3643,7054,52752,1910,315,279,14260,304,50094,1273,22259,9481,3918,79,1784,79,1784,65,29,32089,4297,3918,65,29,3393,25283,429,9390,5248,366,65,29,30993,522,65,8066,5248,366,65,29,4670,1330,522,65,29,323,5248,366,65,29,4218,522,65,14276,4230,25283,448,2155,37597,369,2155,3847,323,1598,1105,2348,697,3538,11,678,304,825,1273,3918,79,1784,79,1784,65,29,1282,27145,4357,3918,65,29,85569,5424,11,16282,448,8741,11574,11,8193,21789,4357,13,7054,52752,5711,1931,6929,1946,15301,1257,88647,480,504,279,1931,1196,3918,79,1784,79,1784,65,29,2271,14087,11,21944,346,24298,18051,3918,65,29,7054,52752,56037,21944,346,12455,18051,323,2138,16262,14087,60340,3918,79,1472,611,1472,611,1784,611,536,428,2074,1375,313,21,1,1707,428,8936,8175,25,19,15,1767,3088,71,18,1472,71,18,1784,611,1472,611,1472,611,1784,611,536,428,2074,1375,313,21,1,1707,428,8936,8175,25,19,15,1767,3088,71,18,1472,71,18,1784,611,1472,611,1472,611,1784,611,536,428,2074,1375,313,21,1,1707,428,8936,8175,25,19,15,1767,3088,71,18,29,9432,30298,7288,17288,11320,522,71,18,1784,611,1784,79,1784,65,29,17878,37597,3918,65,29,7054,52752,11450,264,6929,2266,369,1817,1273,13,16482,2266,374,13578,311,264,6741,501,6929,5526,13,1096,27321,2480,1273,30298,448,7168,31015,13,31306,264,501,6929,2266,1172,4990,264,22955,315,30504,3918,79,1784,79,1784,65,29,2201,304,3055,3918,65,29,10255,279,16653,1584,315,279,2266,323,25978,432,304,678,279,7032,13,1096,30718,288,58077,1487,3419,7525,304,1817,1273,11,3602,27321,2480,30298,315,9489,7032,3918,79,1472,611,1472,611,1784,611,536,428,2074,1375,313,21,1,1707,428,8936,8175,25,19,15,1767,3088,71,18,29,14986,1262,13474,287,522,71,18,1784,611,1784,79,1784,65,1784,64,1801,428,14120,46928,4370,755,2078,4370,3918,64,1472,65,29,19813,7032,553,14633,697,6168,13,10255,1105,1119,894,4128,3918,79,1784,79,1784,65,1784,64,1801,428,14120,67479,2,1363,52752,21853,18997,755,9137,52752,44725,3918,64,1472,65,29,9726,987,2150,11,6923,56037,11,3019,1526,279,1273,11320,11,1490,4205,3501,11,13186,11320,18422,3918,79,1784,79,1784,65,1784,64,1801,428,14120,14,15067,22503,261,20052,299,755,6550,58503,3918,64,1472,65,29,39885,678,279,1995,311,19314,279,1273,7901,13,7054,52752,11655,5610,1273,11320,7862,954,559,11,3887,18051,61823,11,1917,52967,11,1273,2530,11,323,1657,803,3918,79,1472,611,1472,611,1472,611,1472,611,1472,2809,1784,2809,536,428,839,436,9620,1889,44,7433,3088,611,536,428,3586,3088,611,536,428,651,3088,611,536,428,2074,1375,313,16,17,49019,2933,2646,41,20457,3088,71,17,29,1143,8313,553,5110,323,1787,2530,7079,522,71,17,1784,360,536,428,839,436,852,6415,71038,3088,742,1784,64,1801,428,2428,1110,1851,52597,59019,905,1,2169,13010,10189,1,1351,428,77,57940,60829,798,3088,1892,2286,428,1892,19413,436,14,26050,2078,3508,1,4797,428,26050,6119,2000,64,1472,742,1784,742,1784,64,1801,428,2428,1110,7132,905,1,2169,13010,10189,1,1351,428,77,57940,60829,798,3088,1892,2286,428,1892,19413,436,16276,287,3508,1,4797,428,33,287,2000,64,1472,742,1784,742,1784,64,1801,428,2428,1110,411,7201,905,1,2169,13010,10189,1,1351,428,77,57940,60829,798,3088,1892,2286,428,1892,19413,436,14,2662,7201,3508,1,4797,428,2662,7201,2000,64,1472,742,1784,742,1784,64,1801,428,2428,1110,2136,57702,11870,905,11225,2169,13010,10189,1,1351,428,77,57940,60829,798,3088,1892,2286,428,1892,19413,436,14953,20170,11870,4819,1,4797,428,71665,10,8007,11870,2000,64,1472,742,1784,742,1784,64,1801,428,2428,1110,5204,905,3183,1963,71184,14831,8723,1,2169,13010,10189,1,1351,428,77,57940,60829,798,3088,1892,2286,428,1892,19413,436,10270,2275,3508,1,4797,428,13415,3689,2000,64,1472,742,1784,742,1784,64,1801,428,2428,1110,5204,905,14,287,1455,1180,13328,290,1,2169,13010,10189,1,1351,428,77,57940,60829,798,3088,1892,2286,428,1892,19413,436,14,1718,3508,1,4797,428,1718,2000,64,1472,742,1784,742,1784,64,1801,428,2428,1110,5204,905,44460,15422,2687,38706,29431,24594,1,2169,13010,10189,1,1351,428,77,57940,60829,798,3088,1892,2286,428,1892,19413,436,14,81605,17,3508,1,4797,428,81605,2000,64,1472,742,1784,742,1784,64,1801,428,2428,1110,5204,905,27417,38652,27417,38652,1,2169,13010,10189,1,1351,428,77,57940,60829,798,3088,1892,2286,428,1892,19413,436,14,14799,16399,3508,1,4797,428,14799,17980,2000,64,1472,742,1784,742,1784,64,1801,428,2428,1110,5211,3147,1330,2796,4245,11225,2169,13010,10189,1,1351,428,77,57940,60829,798,3088,1892,2286,428,1892,19413,436,72356,3147,1330,2796,3508,1,4797,428,85369,72037,2000,64,1472,742,1472,360,1472,611,1472,611,1472,611,1472,2809,1472,3817,1472,611,1784,6956,536,428,9047,37803,19019,23173,23173,313,22624,3088,611,536,428,3586,5476,17422,3088,611,536,428,651,23173,563,15880,3088,611,536,428,9047,37803,19019,24960,1375,23173,563,2074,3088,611,536,428,6956,563,2102,755,23824,522,611,1784,360,536,428,6956,563,3615,4240,9029,3088,742,536,428,6956,563,1203,3088,64,536,428,6956,563,2080,6404,1,1801,5914,14120,31114,299,755,28655,3855,522,64,1472,742,1784,742,536,428,6956,563,1203,3088,64,1801,428,2428,1110,12675,27619,905,13606,25682,21485,2056,22903,30593,26189,26544,52752,11225,2169,13010,10189,1,1351,428,66106,71604,1,536,428,6956,563,2080,6404,755,9137,52752,16151,27,15196,2374,428,16,18,13,20,1,2608,428,16,18,13,20,1,7131,13306,428,1866,1,536,428,1924,25913,3939,1089,1893,52,3088,810,1801,4649,9047,58569,12,20921,8965,2000,810,1472,15196,1472,64,1472,742,1784,742,536,428,6956,563,1203,3088,64,536,428,6956,563,2080,6404,1,1801,5914,28402,14,12675,8273,5188,755,23824,19544,522,64,1472,742,1784,742,536,428,6956,563,1203,3088,64,536,428,6956,563,2080,6404,1,1801,5914,28402,14,12753,8273,5188,755,13859,19544,522,64,1472,742,1472,360,1472,611,1784,611,536,428,9047,37803,19019,24960,1375,23173,563,2074,3088,611,536,428,6956,563,2102,755,33768,522,611,1784,360,536,428,6956,563,3615,4240,9029,3088,742,536,428,6956,563,1203,3088,64,1801,428,2428,1110,42035,905,43319,76196,3556,81092,52752,1,2169,13010,10189,1,1351,428,66106,71604,1,536,428,6956,563,2080,6404,755,4336,70447,27,15196,2374,428,16,18,13,20,1,2608,428,16,18,13,20,1,7131,13306,428,1866,1,536,428,1924,25913,3939,1089,1893,52,3088,810,1801,4649,9047,58569,12,20921,8965,2000,810,1472,15196,1472,64,1472,742,1784,742,536,428,6956,563,1203,3088,64,1801,428,2428,1110,13334,39115,81092,52752,95454,539,1,2169,13010,10189,1,1351,428,66106,71604,1,536,428,6956,563,2080,6404,755,23477,539,27,15196,2374,428,16,18,13,20,1,2608,428,16,18,13,20,1,7131,13306,428,1866,1,536,428,1924,25913,3939,1089,1893,52,3088,810,1801,4649,9047,58569,12,20921,8965,2000,810,1472,15196,1472,64,1472,742,1784,742,536,428,6956,563,1203,3088,64,1801,428,2428,1110,14679,905,81092,52752,2911,1,2169,13010,10189,1,1351,428,66106,71604,1,536,428,6956,563,2080,6404,755,24862,27,15196,2374,428,16,18,13,20,1,2608,428,16,18,13,20,1,7131,13306,428,1866,1,536,428,1924,25913,3939,1089,1893,52,3088,810,1801,4649,9047,58569,12,20921,8965,2000,810,1472,15196,1472,64,1472,742,1784,742,536,428,6956,563,1203,3088,64,1801,428,2428,1110,2136,63496,905,79943,81092,52752,2911,1,2169,13010,10189,1,1351,428,66106,71604,1,536,428,6956,563,2080,6404,755,75203,27,15196,2374,428,16,18,13,20,1,2608,428,16,18,13,20,1,7131,13306,428,1866,1,536,428,1924,25913,3939,1089,1893,52,3088,810,1801,4649,9047,58569,12,20921,8965,2000,810,1472,15196,1472,64,1472,742,1472,360,1472,611,1784,611,536,428,9047,37803,19019,24960,1375,23173,563,2074,3088,611,536,428,6956,563,2102,755,7661,522,611,1784,360,536,428,6956,563,3615,4240,9029,3088,742,536,428,6956,563,1203,3088,64,1801,428,2428,1110,5204,905,3183,3929,81092,52752,1,2169,13010,10189,1,1351,428,66106,71604,1,536,428,6956,563,2080,6404,755,75615,27,15196,2374,428,16,18,13,20,1,2608,428,16,18,13,20,1,7131,13306,428,1866,1,536,428,1924,25913,3939,1089,1893,52,3088,810,1801,4649,9047,58569,12,20921,8965,2000,810,1472,15196,1472,64,1472,742,1784,742,536,428,6956,563,1203,3088,64,1801,428,2428,1110,2136,20145,905,73121,14,5459,19,21,57,73,23,79,51326,20,83,84343,77398,16,28584,22,18454,70,1,2169,13010,10189,1,1351,428,66106,71604,1,536,428,6956,563,2080,6404,755,53746,27,15196,2374,428,16,18,13,20,1,2608,428,16,18,13,20,1,7131,13306,428,1866,1,536,428,1924,25913,3939,1089,1893,52,3088,810,1801,4649,9047,58569,12,20921,8965,2000,810,1472,15196,1472,64,1472,742,1784,742,536,428,6956,563,1203,3088,64,1801,428,2428,1110,3583,2389,81092,52752,1,2169,13010,10189,1,1351,428,66106,71604,1,536,428,6956,563,2080,6404,755,26700,27,15196,2374,428,16,18,13,20,1,2608,428,16,18,13,20,1,7131,13306,428,1866,1,536,428,1924,25913,3939,1089,1893,52,3088,810,1801,4649,9047,58569,12,20921,8965,2000,810,1472,15196,1472,64,1472,742,1784,742,536,428,6956,563,1203,3088,64,536,428,6956,563,2080,6404,1,1801,5914,28402,14,2969,73253,755,54032,73253,522,64,1472,742,1472,360,1472,611,1472,611,1784,611,536,428,6956,563,14860,1467,313,3057,3088,611,536,428,6956,563,15492,755,13547,7240,220,17,15,17,21,5100,522,611,1472,611,1472,611,1472,6956,1472,611,1472,2599,1339,90526,47117,25,330,1318,28,434,3855,1837,5598,1172,279,35965,47117,11,4302,770,13,151670,151667,198,32313,11,773,358,614,311,5046,419,10865,7054,52752,47117,13,576,4024,47117,374,330,1318,28,434,3855,3263,88190,11,279,1156,3166,358,5293,374,429,1052,594,264,3550,1573,279,364,37,6,304,330,434,3855,3263,2938,3550,2578,387,14381,279,4265,1576,7054,52752,2578,537,15282,432,12440,13,6771,752,1779,279,18051,311,1490,1380,330,37,3855,1,374,3520,7407,382,22464,1526,279,18051,11,358,1490,429,279,2265,374,330,32174,323,14720,835,4686,13068,7497,369,6481,3482,10500,760,7054,52752,3263,2055,279,1467,330,37,3855,1,4436,944,5961,9434,1588,11,714,7196,432,594,949,315,264,14496,476,264,3772,17920,13,13824,11,3520,11,279,11821,3772,702,264,2265,429,2727,330,9137,52752,20081,14720,835,4686,13068,7497,369,6481,3482,10500,1189,323,2441,825,429,2727,330,9137,52752,20081,14720,835,4686,13068,7497,369,6481,3482,10500,1189,88190,11,7196,330,37,3855,1,374,949,315,264,2155,949,315,279,2150,382,14190,11,3520,11,3330,1549,11,279,10865,47117,374,4460,311,1477,1467,429,5646,330,37,3855,3263,576,3550,1573,364,37,6,374,4658,264,85105,13,1416,358,4057,429,3550,11,432,9044,330,1318,82226,3855,497,892,2578,387,803,13382,13,1988,358,1265,1779,421,1052,594,458,4734,2432,369,330,37,3855,1,304,279,18051,13,4710,22464,1526,279,18051,11,358,1513,944,1490,279,4734,1467,330,37,3855,3263,10696,432,594,264,85105,11,323,279,10602,1467,374,330,32174,3855,1,476,2494,770,13,38478,11,7196,432,594,9966,311,387,330,37,1,8110,553,2494,770,13,17147,9120,279,4734,1467,304,279,18051,11,432,594,2588,311,387,2704,13,1988,2661,279,2266,11,330,37,3855,1,2578,387,264,949,315,264,3772,13,4710,92014,11,7196,279,47117,374,9966,311,2432,264,14496,476,264,1186,11412,429,8471,448,330,37,3855,3263,6771,752,1779,279,69452,13,576,1887,2265,374,330,9137,52752,20081,14720,835,4686,13068,7497,369,6481,3482,10500,1189,2619,594,1083,264,3772,24849,330,8610,6929,7288,5765,5339,7288,3776,5333,3263,88190,11,7196,279,1467,374,949,315,264,2155,3772,13,4710,12549,279,10865,47117,702,264,85105,448,279,3550,11,279,35965,47117,1265,4057,429,3550,13,2055,10018,330,1318,28,434,3855,1,311,330,1318,82226,3855,1,2578,5046,279,4265,13,4354,11,421,279,4734,1467,374,330,434,3855,1,448,264,3550,11,1221,279,47117,2578,2058,3690,13,1988,2661,429,279,3550,374,4363,264,85105,11,17592,432,1265,1492,13,4710,92014,11,7196,279,47117,374,10602,311,2432,279,7167,315,264,1467,13,7054,52752,6147,369,7130,9071,11,714,553,1638,11,279,1467,47117,9071,279,4453,1467,13,2055,421,279,1467,374,6896,330,434,3855,497,1221,17592,279,3550,1035,2058,537,2432,7241,279,5042,1467,374,330,37,3855,1,2041,279,3550,13,4710,3983,2041,279,4734,2266,11,279,61744,26262,374,311,4057,279,6388,3550,13,2055,279,35965,47117,1265,387,330,1318,82226,3855,22956,151668,198,1318,82226,3855],"total_duration":28566020700,"load_duration":5490337600,"prompt_eval_count":8346,"prompt_eval_duration":3999569400,"eval_count":601,"eval_duration":18316404100}
 Healed locator: text=F started
]]></system-out>
    <system-err><![CDATA[SLF4J: Failed to load class "org.slf4j.impl.StaticLoggerBinder".
SLF4J: Defaulting to no-operation (NOP) logger implementation
SLF4J: See http://www.slf4j.org/codes.html#StaticLoggerBinder for further details.
]]></system-err>
  </testcase>
  <testcase name="verifyGetStartedNavigation" classname="com.web.HomePageTest" time="18.838">
    <failure message="Error {&#10;  message=&apos;Unknown engine &quot;textStartsWith&quot; while parsing selector textStartsWith= F started&#10;  name=&apos;Error&#10;  stack=&apos;Error: Unknown engine &quot;textStartsWith&quot; while parsing selector textStartsWith= F started&#10;    at C:\Users\antot\AppData\Local\Temp\playwright-java-11877832746649089246\package\lib\server\selectors.js:62:61&#10;    at visit (C:\Users\antot\AppData\Local\Temp\playwright-java-11877832746649089246\package\lib\utils\isomorphic\selectorParser.js:145:7)&#10;    at visitAllSelectorParts (C:\Users\antot\AppData\Local\Temp\playwright-java-11877832746649089246\package\lib\utils\isomorphic\selectorParser.js:149:3)&#10;    at Selectors.parseSelector (C:\Users\antot\AppData\Local\Temp\playwright-java-11877832746649089246\package\lib\server\selectors.js:59:47)&#10;    at FrameSelectors._parseSelector (C:\Users\antot\AppData\Local\Temp\playwright-java-11877832746649089246\package\lib\server\frameSelectors.js:32:51)&#10;    at FrameSelectors.resolveFrameForSelector (C:\Users\antot\AppData\Local\Temp\playwright-java-11877832746649089246\package\lib\server\frameSelectors.js:147:29)&#10;    at FrameSelectors.resolveInjectedForSelector (C:\Users\antot\AppData\Local\Temp\playwright-java-11877832746649089246\package\lib\server\frameSelectors.js:152:33)&#10;    at C:\Users\antot\AppData\Local\Temp\playwright-java-11877832746649089246\package\lib\server\frames.js:960:45&#10;    at async Frame.retryWithProgressAndTimeouts (C:\Users\antot\AppData\Local\Temp\playwright-java-11877832746649089246\package\lib\server\frames.js:935:24)&#10;    at async C:\Users\antot\AppData\Local\Temp\playwright-java-11877832746649089246\package\lib\server\frames.js:1023:29&#10;}&#10;Call log:&#10;-   - waiting for locator(&quot;textStartsWith= F started&quot;)&#10;" type="com.microsoft.playwright.PlaywrightException"><![CDATA[com.microsoft.playwright.PlaywrightException: 
Error {
  message='Unknown engine "textStartsWith" while parsing selector textStartsWith= F started
  name='Error
  stack='Error: Unknown engine "textStartsWith" while parsing selector textStartsWith= F started
    at C:\Users\antot\AppData\Local\Temp\playwright-java-11877832746649089246\package\lib\server\selectors.js:62:61
    at visit (C:\Users\antot\AppData\Local\Temp\playwright-java-11877832746649089246\package\lib\utils\isomorphic\selectorParser.js:145:7)
    at visitAllSelectorParts (C:\Users\antot\AppData\Local\Temp\playwright-java-11877832746649089246\package\lib\utils\isomorphic\selectorParser.js:149:3)
    at Selectors.parseSelector (C:\Users\antot\AppData\Local\Temp\playwright-java-11877832746649089246\package\lib\server\selectors.js:59:47)
    at FrameSelectors._parseSelector (C:\Users\antot\AppData\Local\Temp\playwright-java-11877832746649089246\package\lib\server\frameSelectors.js:32:51)
    at FrameSelectors.resolveFrameForSelector (C:\Users\antot\AppData\Local\Temp\playwright-java-11877832746649089246\package\lib\server\frameSelectors.js:147:29)
    at FrameSelectors.resolveInjectedForSelector (C:\Users\antot\AppData\Local\Temp\playwright-java-11877832746649089246\package\lib\server\frameSelectors.js:152:33)
    at C:\Users\antot\AppData\Local\Temp\playwright-java-11877832746649089246\package\lib\server\frames.js:960:45
    at async Frame.retryWithProgressAndTimeouts (C:\Users\antot\AppData\Local\Temp\playwright-java-11877832746649089246\package\lib\server\frames.js:935:24)
    at async C:\Users\antot\AppData\Local\Temp\playwright-java-11877832746649089246\package\lib\server\frames.js:1023:29
}
Call log:
-   - waiting for locator("textStartsWith= F started")

	at com.microsoft.playwright.impl.WaitableResult.get(WaitableResult.java:56)
	at com.microsoft.playwright.impl.ChannelOwner.runUntil(ChannelOwner.java:132)
	at com.microsoft.playwright.impl.Connection.sendMessage(Connection.java:130)
	at com.microsoft.playwright.impl.ChannelOwner.sendMessage(ChannelOwner.java:118)
	at com.microsoft.playwright.impl.FrameImpl.clickImpl(FrameImpl.java:252)
	at com.microsoft.playwright.impl.FrameImpl.lambda$click$8(FrameImpl.java:243)
	at com.microsoft.playwright.impl.LoggingSupport.lambda$withLogging$0(LoggingSupport.java:36)
	at com.microsoft.playwright.impl.LoggingSupport.withLogging(LoggingSupport.java:47)
	at com.microsoft.playwright.impl.ChannelOwner.withLogging(ChannelOwner.java:97)
	at com.microsoft.playwright.impl.LoggingSupport.withLogging(LoggingSupport.java:35)
	at com.microsoft.playwright.impl.FrameImpl.click(FrameImpl.java:243)
	at com.microsoft.playwright.impl.LocatorImpl.click(LocatorImpl.java:175)
	at com.microsoft.playwright.Locator.click(Locator.java:2493)
	at com.core.base.BasePage.click(BasePage.java:44)
	at com.web.pages.PlaywrightHomePage.clickGetStarted(PlaywrightHomePage.java:24)
	at com.web.HomePageTest.verifyGetStartedNavigation(HomePageTest.java:30)
	at java.base/jdk.internal.reflect.DirectMethodHandleAccessor.invoke(DirectMethodHandleAccessor.java:103)
	at java.base/java.lang.reflect.Method.invoke(Method.java:580)
	at org.testng.internal.invokers.MethodInvocationHelper.invokeMethod(MethodInvocationHelper.java:141)
	at org.testng.internal.invokers.TestInvoker.invokeMethod(TestInvoker.java:686)
	at org.testng.internal.invokers.TestInvoker.invokeTestMethod(TestInvoker.java:230)
	at org.testng.internal.invokers.MethodRunner.runInSequence(MethodRunner.java:63)
	at org.testng.internal.invokers.TestInvoker$MethodInvocationAgent.invoke(TestInvoker.java:992)
	at org.testng.internal.invokers.TestInvoker.invokeTestMethods(TestInvoker.java:203)
	at org.testng.internal.invokers.TestMethodWorker.invokeTestMethods(TestMethodWorker.java:154)
	at org.testng.internal.invokers.TestMethodWorker.run(TestMethodWorker.java:134)
	at java.base/java.util.ArrayList.forEach(ArrayList.java:1597)
	at org.testng.TestRunner.privateRun(TestRunner.java:739)
	at org.testng.TestRunner.run(TestRunner.java:614)
	at org.testng.SuiteRunner.runTest(SuiteRunner.java:421)
	at org.testng.SuiteRunner$SuiteWorker.run(SuiteRunner.java:463)
	at org.testng.internal.thread.ThreadUtil.lambda$execute$0(ThreadUtil.java:64)
	at java.base/java.util.concurrent.FutureTask.run(FutureTask.java:317)
	at java.base/java.util.concurrent.ThreadPoolExecutor.runWorker(ThreadPoolExecutor.java:1144)
	at java.base/java.util.concurrent.ThreadPoolExecutor$Worker.run(ThreadPoolExecutor.java:642)
	at java.base/java.lang.Thread.run(Thread.java:1570)
Caused by: com.microsoft.playwright.impl.DriverException: Error {
  message='Unknown engine "textStartsWith" while parsing selector textStartsWith= F started
  name='Error
  stack='Error: Unknown engine "textStartsWith" while parsing selector textStartsWith= F started
    at C:\Users\antot\AppData\Local\Temp\playwright-java-11877832746649089246\package\lib\server\selectors.js:62:61
    at visit (C:\Users\antot\AppData\Local\Temp\playwright-java-11877832746649089246\package\lib\utils\isomorphic\selectorParser.js:145:7)
    at visitAllSelectorParts (C:\Users\antot\AppData\Local\Temp\playwright-java-11877832746649089246\package\lib\utils\isomorphic\selectorParser.js:149:3)
    at Selectors.parseSelector (C:\Users\antot\AppData\Local\Temp\playwright-java-11877832746649089246\package\lib\server\selectors.js:59:47)
    at FrameSelectors._parseSelector (C:\Users\antot\AppData\Local\Temp\playwright-java-11877832746649089246\package\lib\server\frameSelectors.js:32:51)
    at FrameSelectors.resolveFrameForSelector (C:\Users\antot\AppData\Local\Temp\playwright-java-11877832746649089246\package\lib\server\frameSelectors.js:147:29)
    at FrameSelectors.resolveInjectedForSelector (C:\Users\antot\AppData\Local\Temp\playwright-java-11877832746649089246\package\lib\server\frameSelectors.js:152:33)
    at C:\Users\antot\AppData\Local\Temp\playwright-java-11877832746649089246\package\lib\server\frames.js:960:45
    at async Frame.retryWithProgressAndTimeouts (C:\Users\antot\AppData\Local\Temp\playwright-java-11877832746649089246\package\lib\server\frames.js:935:24)
    at async C:\Users\antot\AppData\Local\Temp\playwright-java-11877832746649089246\package\lib\server\frames.js:1023:29
}
Call log:
-   - waiting for locator("textStartsWith= F started")

	at com.microsoft.playwright.impl.Connection.dispatch(Connection.java:259)
	at com.microsoft.playwright.impl.Connection.processOneMessage(Connection.java:211)
	at com.microsoft.playwright.impl.ChannelOwner.runUntil(ChannelOwner.java:130)
	... 34 more
]]></failure>
    <system-out><![CDATA[!!! Locator failed: text= F started
 Attempting self‑healing...
 Prompt sent to DeepSeek:
You are an expert Playwright automation engineer. Given the DOM and a broken Playwright locator, return ONLY the corrected Playwright selector.

DOM:
<head><meta charset="UTF-8"><meta name="generator" content="Docusaurus v3.8.1"><title>Fast and reliable end-to-end testing for modern web apps | Playwright</title><meta data-rh="true" name="viewport" content="width=device-width, initial-scale=1.0"><link data-rh="true" rel="icon" href="/img/playwright-logo.ico"><link rel="search" type="application/opensearchdescription+xml" title="Playwright" href="/opensearch.xml"><script src="/js/redirection.js"></script><link rel="stylesheet" href="/assets/css/styles.42cb2df9.css"><script src="/assets/js/runtime~main.1adac9fb.js" defer=""></script><script src="/assets/js/main.a2c65d4b.js" defer=""></script><link rel="canonical" href="https://playwright.dev/" data-rh="true"><link rel="alternate" href="https://playwright.dev/" hreflang="en" data-rh="true"><link rel="alternate" href="https://playwright.dev/" hreflang="x-default" data-rh="true"><meta name="twitter:card" content="summary_large_image" data-rh="true"><meta property="og:image" content="https://repository-images.githubusercontent.com/221981891/8c5c6942-c91f-4df1-825f-4cf474056bd7" data-rh="true"><meta name="twitter:image" content="https://repository-images.githubusercontent.com/221981891/8c5c6942-c91f-4df1-825f-4cf474056bd7" data-rh="true"><meta property="og:url" content="https://playwright.dev/" data-rh="true"><meta property="og:locale" content="en" data-rh="true"><meta name="docusaurus_locale" content="en" data-rh="true"><meta name="docusaurus_tag" content="default" data-rh="true"><meta name="docsearch:language" content="en" data-rh="true"><meta name="docsearch:docusaurus_tag" content="default" data-rh="true"><meta property="og:title" content="Fast and reliable end-to-end testing for modern web apps | Playwright" data-rh="true"><meta name="description" content="Cross-browser end-to-end testing for modern web apps" data-rh="true"><meta property="og:description" content="Cross-browser end-to-end testing for modern web apps" data-rh="true"><link rel="preconnect" href="https://K09ICMCV6X-dsn.algolia.net" crossorigin="anonymous" data-rh="true"><link rel="prefetch" href="/assets/js/5e95c892.04a50b6b.js"><link rel="prefetch" href="/assets/js/e0719818.d9b9b916.js"><link rel="prefetch" href="/assets/js/a7bd4aaa.2d9939bb.js"><link rel="prefetch" href="/assets/js/d2436a2b.7071ef71.js"><link rel="prefetch" href="/assets/js/a94703ab.398
[...]
,89,386,22,13,15,20,11,16,23,13,18,21,66,15,13,18,24,12,15,13,18,24,11,15,13,18,24,12,16,13,15,18,11,15,12,16,13,19,16,66,12,15,13,18,24,12,15,13,18,24,12,16,13,15,18,12,15,13,18,24,12,16,13,19,16,11,15,75,12,16,13,15,21,11,16,13,15,21,272,12,15,13,18,24,11,15,13,18,24,12,15,13,18,24,11,16,13,15,18,11,15,11,16,13,19,16,82,16,13,15,18,11,15,13,18,24,11,16,13,19,16,11,15,43,22,13,15,20,11,16,23,13,18,21,89,2000,2343,1472,15196,1784,15196,37996,428,15,220,15,220,17,19,220,17,19,1,2374,428,17,19,1,2608,428,17,19,1,7131,13306,428,1866,1,536,428,17703,4395,1889,18,68,47,6319,18897,4395,1670,4817,49,3088,2343,5155,428,60745,1,294,428,44,24,13,18,22,11,20,13,20,16,34,24,13,16,24,11,21,13,16,20,11,24,13,16,11,21,13,23,17,11,24,13,16,11,22,13,20,66,15,11,19,13,15,23,11,18,13,18,17,11,22,13,19,11,22,13,19,11,22,13,19,66,15,13,21,23,11,15,11,16,13,18,20,12,15,13,15,24,11,16,13,24,24,12,15,13,17,22,34,16,22,13,19,20,11,16,22,13,16,24,11,16,19,13,24,18,11,16,24,11,16,17,11,16,24,272,12,18,13,23,21,11,15,12,22,12,18,13,16,19,12,22,12,22,34,20,11,24,13,15,22,11,21,13,23,16,11,21,13,20,20,11,24,13,18,22,11,20,13,20,16,89,386,16,17,11,18,66,12,19,13,24,22,11,15,12,24,11,19,13,15,18,12,24,11,24,82,19,13,15,18,11,24,11,24,11,24,82,24,12,19,13,15,18,11,24,12,24,66,15,12,15,13,19,21,12,15,13,15,19,12,15,13,24,17,12,15,13,16,12,16,13,18,21,272,12,15,13,24,23,11,16,13,18,22,12,17,13,20,23,11,17,13,17,21,12,19,13,19,11,17,13,17,21,66,12,17,13,24,23,11,15,12,20,13,19,12,17,13,19,17,12,20,13,19,12,20,13,19,66,15,12,16,13,23,16,11,15,13,23,24,12,18,13,19,17,11,17,13,17,21,12,19,13,19,34,16,17,13,24,17,11,18,13,15,19,11,16,17,13,19,21,11,18,11,16,17,11,18,43,16,17,11,18,89,2000,2343,1472,15196,1784,15196,37996,428,15,220,15,220,17,19,220,17,19,1,2374,428,17,19,1,2608,428,17,19,1,7131,13306,428,1866,1,536,428,17703,4395,1889,18,68,47,1849,18897,4395,13337,31489,34,3088,2343,5155,428,60745,1,294,428,76,16,17,220,17,16,66,19,13,24,22,16,220,15,220,24,12,19,13,15,17,24,220,24,12,24,82,12,19,13,15,17,24,12,24,12,24,12,24,12,24,220,19,13,15,17,24,12,24,220,24,220,19,13,15,17,24,220,24,220,24,220,24,31489,19,13,24,20,12,16,18,13,24,20,66,16,13,18,16,18,220,16,13,18,16,18,220,17,13,15,20,220,18,13,15,24,18,220,17,13,15,20,220,19,13,24,20,82,12,15,13,22,18,23,220,18,13,21,18,22,12,17,13,15,20,220,19,13,24,20,66,12,16,13,18,16,18,220,16,13,18,16,18,12,18,13,15,24,18,220,17,13,15,20,12,19,13,24,20,220,17,13,15,20,85,12,16,19,66,16,13,23,20,22,220,15,220,18,13,21,18,22,220,15,13,22,18,22,220,19,13,24,20,220,17,13,15,20,89,2000,2343,1472,15196,1472,2159,1472,611,1784,611,536,428,9839,5890,4502,1668,924,16,3088,2159,943,428,2159,1,536,428,9550,5890,21709,5890,12,1567,1,7131,6942,428,5890,320,15001,10,42,8,3088,1480,536,428,9550,5890,12,1567,12,4502,3088,15196,2374,428,17,15,1,2608,428,17,15,1,536,428,9550,5890,12,5890,12,4395,1,37996,428,15,220,15,220,17,15,220,17,15,1,7131,13306,428,1866,3088,2343,294,428,44,16,19,13,18,23,21,220,16,19,13,18,23,21,75,19,13,15,23,22,22,220,19,13,15,23,22,22,12,19,13,15,23,22,22,12,19,13,15,23,22,22,66,12,17,13,24,19,16,23,220,17,13,24,19,16,24,12,22,13,22,16,16,20,220,17,13,24,19,16,24,12,16,15,13,21,20,18,18,220,15,12,17,13,24,19,16,24,12,17,13,24,19,16,23,12,17,13,24,19,16,24,12,22,13,22,16,16,20,220,15,12,16,15,13,21,20,18,18,220,17,13,24,19,16,23,12,17,13,24,19,16,24,220,22,13,22,16,16,20,12,17,13,24,19,16,24,220,16,15,13,21,20,18,18,220,15,220,17,13,24,19,16,24,220,17,13,24,19,16,23,220,17,13,24,19,16,24,220,22,13,22,16,16,20,220,15,220,16,15,13,21,20,18,18,89,1,12654,428,60745,1,5155,428,6697,1,5155,59301,428,83627,1,12654,8447,11346,428,1049,1,12654,8447,5987,428,1049,2000,2343,1472,15196,1784,1480,536,428,9550,5890,12,1567,12,48305,755,5890,522,1480,1472,1480,1784,1480,536,428,9550,5890,12,1567,12,8850,3088,48456,536,428,9550,5890,12,1567,94321,3088,15196,2374,428,16,20,1,2608,428,16,20,1,536,428,9550,5890,25056,94321,12,4395,3088,2343,294,428,44,19,13,20,15,20,220,19,13,19,24,21,71,17,44,20,13,20,15,20,220,20,13,19,24,21,85,20,44,23,13,17,16,21,220,19,13,19,24,21,75,13,15,20,20,220,20,13,24,24,18,44,16,15,220,22,13,20,66,13,18,18,18,13,18,18,18,13,20,13,21,21,22,13,20,220,16,85,17,44,16,17,13,18,17,21,220,19,13,20,85,20,13,24,24,21,44,23,13,18,23,19,220,19,13,19,24,21,66,16,13,21,22,19,220,15,220,17,13,16,16,21,220,15,220,17,13,16,16,21,220,16,13,20,82,14523,19,19,17,220,16,13,20,12,17,13,16,16,21,220,16,13,20,44,18,13,17,15,20,220,24,13,18,15,18,66,14523,15,24,13,19,19,23,14523,17,22,22,220,16,13,17,16,12,16,13,17,19,16,220,16,13,17,15,18,34,16,220,16,15,13,20,13,20,220,24,13,20,16,18,13,20,220,23,53,22,66,15,12,16,13,20,22,13,20,12,17,13,20,220,16,13,19,21,19,12,17,13,19,24,19,13,24,21,19,13,15,15,21,220,16,13,16,18,19,13,20,24,23,220,16,13,17,19,220,16,13,18,19,17,44,16,17,13,20,20,18,220,16,15,13,20,71,16,13,24,20,18,1,12654,9347,428,16,13,17,1,12654,428,60745,1,5155,428,6697,1,12654,8447,11346,428,37476,2000,2343,1472,15196,1472,48456,1784,48456,536,428,9550,5890,12,1567,94321,755,42,522,48456,1472,1480,1472,2159,1472,611,1472,611,1472,611,1784,611,3476,428,43925,1,536,428,9839,34128,563,1419,6719,2000,611,1472,3722,1784,611,877,78527,67,3384,42513,44830,1249,2762,761,3420,1,536,428,9047,37803,29992,1887,17388,1887,11542,6415,17,75,15,3088,2708,536,428,17732,11821,313,6545,11821,43168,6665,63391,87,3088,611,536,428,3586,3088,71,16,536,428,17732,563,2102,11821,3851,62,2267,10561,3088,1480,536,428,35198,1889,55,53,73,755,9137,52752,522,1480,29,20081,14720,835,4686,13068,7497,369,6481,3482,10500,3918,71,16,1784,611,536,428,24086,620,25329,46,3088,64,536,428,455,32527,1098,34165,1,1801,5914,14120,31114,299,755,1949,3855,522,64,1784,1480,536,428,5204,15591,31004,5477,858,60307,31004,15591,39148,3088,64,536,428,866,15591,1,1801,428,2428,1110,5204,905,3183,3929,81092,52752,1,1351,428,66106,71604,1,2169,13010,10189,1,7131,6942,428,12699,79896,81092,52752,389,32095,3088,1480,536,428,866,12,3955,1,7131,13306,428,1866,2000,1480,1784,1480,536,428,866,9345,755,12699,522,1480,1472,64,1784,64,536,428,866,26580,1,1801,428,2428,1110,5204,905,3183,3929,81092,52752,14272,858,60307,1,1351,428,66106,71604,1,2169,13010,10189,1,7131,6942,428,23,17,74,10,357,858,60307,389,32095,1,1707,428,5493,57628,755,23,17,74,79265,64,1472,1480,1472,611,1472,611,1472,2708,1784,1323,1784,3817,1784,1323,1784,1323,1784,611,1707,428,1318,9644,27678,3088,1892,2286,428,1892,19413,436,16276,90558,3508,1,2374,428,19,15,15794,4797,428,33,90558,320,1143,77859,11,25929,11,4895,7695,8,2000,611,1784,2809,536,428,20304,45476,768,3088,611,536,428,3586,3088,611,536,428,651,3088,611,536,428,2074,1375,313,21,1,1707,428,8936,8175,25,19,15,1767,3088,71,18,29,8610,6929,7288,5765,5339,7288,3776,5333,522,71,18,1784,611,1784,79,1784,65,25630,2128,31555,3918,65,29,7054,52752,11554,678,6481,20898,21106,2670,57165,11,4895,7695,11,323,25929,3918,79,1784,79,1784,65,25630,2128,54025,3918,65,29,3393,389,5515,11,14340,11,323,67178,11,23490,476,389,20694,11,1968,1717,476,19383,3918,79,1784,79,1784,65,25630,2128,43558,3918,65,29,5443,279,7054,52752,5333,304,366,64,1801,428,2428,1110,1363,52752,21523,25967,31114,299,755,929,5910,522,64,8066,366,64,1801,428,2428,1110,1363,52752,21523,25967,31114,299,755,29475,522,64,8066,366,64,1801,428,2428,1110,1363,52752,21523,23266,25967,31114,299,755,30280,522,64,8066,366,64,1801,428,2428,1110,1363,52752,21523,3446,354,4711,25967,31114,299,755,13,15373,522,64,8066,366,64,1801,428,2428,1110,1363,52752,21523,47200,25967,31114,299,755,15041,522,64,39874,79,1784,79,1784,65,29,2271,13411,4895,3918,65,29,16703,6371,78841,315,5085,17225,369,8514,323,13411,28761,13,576,1852,20898,4712,4278,389,697,35300,323,304,279,14817,3918,79,1472,611,1472,611,1784,611,536,428,2074,1375,313,21,1,1707,428,8936,8175,25,19,15,1767,3088,71,18,1472,71,18,1784,611,1472,611,1472,611,1784,611,536,428,2074,1375,313,21,1,1707,428,8936,8175,25,19,15,1767,3088,71,18,1472,71,18,1784,611,1472,611,1472,611,1784,611,536,428,2074,1375,313,21,1,1707,428,8936,8175,25,19,15,1767,3088,71,18,29,1061,321,1167,7288,2308,1320,28100,7032,522,71,18,1784,611,1784,79,1784,65,29,13253,2630,1315,3918,65,29,7054,52752,46936,369,5424,311,387,91078,4867,311,16380,6168,13,1084,1083,702,264,9080,738,315,25528,16076,4357,13,576,10601,315,279,1378,59844,279,1184,369,20443,91444,481,279,6028,5240,315,1320,28100,7032,3918,79,1784,79,1784,65,29,5981,36943,54836,3918,65,29,7054,52752,54836,525,3465,11689,369,279,8741,3482,13,24843,525,9463,37731,1122,3080,279,5871,4682,525,2270,3918,79,1784,79,1784,65,29,1282,4527,3918,65,29,22169,1273,22683,8282,11,12322,11320,11655,11,6803,11,48720,311,21725,81623,3918,79,1472,611,1472,611,1784,611,536,428,2074,1375,313,21,1,1707,428,8936,8175,25,19,15,1767,3088,71,18,41157,6559,63939,7288,2308,13388,522,71,18,1784,611,1784,79,36721,90558,1598,3482,2213,32052,311,2155,32372,304,2155,11364,13,7054,52752,374,26118,448,279,6481,32857,17646,323,8473,7032,700,8668,50094,13,1096,3643,7054,52752,1910,315,279,14260,304,50094,1273,22259,9481,3918,79,1784,79,1784,65,29,32089,4297,3918,65,29,3393,25283,429,9390,5248,366,65,29,30993,522,65,8066,5248,366,65,29,4670,1330,522,65,29,323,5248,366,65,29,4218,522,65,14276,4230,25283,448,2155,37597,369,2155,3847,323,1598,1105,2348,697,3538,11,678,304,825,1273,3918,79,1784,79,1784,65,29,1282,27145,4357,3918,65,29,85569,5424,11,16282,448,8741,11574,11,8193,21789,4357,13,7054,52752,5711,1931,6929,1946,15301,1257,88647,480,504,279,1931,1196,3918,79,1784,79,1784,65,29,2271,14087,11,21944,346,24298,18051,3918,65,29,7054,52752,56037,21944,346,12455,18051,323,2138,16262,14087,60340,3918,79,1472,611,1472,611,1784,611,536,428,2074,1375,313,21,1,1707,428,8936,8175,25,19,15,1767,3088,71,18,1472,71,18,1784,611,1472,611,1472,611,1784,611,536,428,2074,1375,313,21,1,1707,428,8936,8175,25,19,15,1767,3088,71,18,1472,71,18,1784,611,1472,611,1472,611,1784,611,536,428,2074,1375,313,21,1,1707,428,8936,8175,25,19,15,1767,3088,71,18,29,9432,30298,7288,17288,11320,522,71,18,1784,611,1784,79,1784,65,29,17878,37597,3918,65,29,7054,52752,11450,264,6929,2266,369,1817,1273,13,16482,2266,374,13578,311,264,6741,501,6929,5526,13,1096,27321,2480,1273,30298,448,7168,31015,13,31306,264,501,6929,2266,1172,4990,264,22955,315,30504,3918,79,1784,79,1784,65,29,2201,304,3055,3918,65,29,10255,279,16653,1584,315,279,2266,323,25978,432,304,678,279,7032,13,1096,30718,288,58077,1487,3419,7525,304,1817,1273,11,3602,27321,2480,30298,315,9489,7032,3918,79,1472,611,1472,611,1784,611,536,428,2074,1375,313,21,1,1707,428,8936,8175,25,19,15,1767,3088,71,18,29,14986,1262,13474,287,522,71,18,1784,611,1784,79,1784,65,1784,64,1801,428,14120,46928,4370,755,2078,4370,3918,64,1472,65,29,19813,7032,553,14633,697,6168,13,10255,1105,1119,894,4128,3918,79,1784,79,1784,65,1784,64,1801,428,14120,67479,2,1363,52752,21853,18997,755,9137,52752,44725,3918,64,1472,65,29,9726,987,2150,11,6923,56037,11,3019,1526,279,1273,11320,11,1490,4205,3501,11,13186,11320,18422,3918,79,1784,79,1784,65,1784,64,1801,428,14120,14,15067,22503,261,20052,299,755,6550,58503,3918,64,1472,65,29,39885,678,279,1995,311,19314,279,1273,7901,13,7054,52752,11655,5610,1273,11320,7862,954,559,11,3887,18051,61823,11,1917,52967,11,1273,2530,11,323,1657,803,3918,79,1472,611,1472,611,1472,611,1472,611,1472,2809,1784,2809,536,428,839,436,9620,1889,44,7433,3088,611,536,428,3586,3088,611,536,428,651,3088,611,536,428,2074,1375,313,16,17,49019,2933,2646,41,20457,3088,71,17,29,1143,8313,553,5110,323,1787,2530,7079,522,71,17,1784,360,536,428,839,436,852,6415,71038,3088,742,1784,64,1801,428,2428,1110,1851,52597,59019,905,1,2169,13010,10189,1,1351,428,77,57940,60829,798,3088,1892,2286,428,1892,19413,436,14,26050,2078,3508,1,4797,428,26050,6119,2000,64,1472,742,1784,742,1784,64,1801,428,2428,1110,7132,905,1,2169,13010,10189,1,1351,428,77,57940,60829,798,3088,1892,2286,428,1892,19413,436,16276,287,3508,1,4797,428,33,287,2000,64,1472,742,1784,742,1784,64,1801,428,2428,1110,411,7201,905,1,2169,13010,10189,1,1351,428,77,57940,60829,798,3088,1892,2286,428,1892,19413,436,14,2662,7201,3508,1,4797,428,2662,7201,2000,64,1472,742,1784,742,1784,64,1801,428,2428,1110,2136,57702,11870,905,11225,2169,13010,10189,1,1351,428,77,57940,60829,798,3088,1892,2286,428,1892,19413,436,14953,20170,11870,4819,1,4797,428,71665,10,8007,11870,2000,64,1472,742,1784,742,1784,64,1801,428,2428,1110,5204,905,3183,1963,71184,14831,8723,1,2169,13010,10189,1,1351,428,77,57940,60829,798,3088,1892,2286,428,1892,19413,436,10270,2275,3508,1,4797,428,13415,3689,2000,64,1472,742,1784,742,1784,64,1801,428,2428,1110,5204,905,14,287,1455,1180,13328,290,1,2169,13010,10189,1,1351,428,77,57940,60829,798,3088,1892,2286,428,1892,19413,436,14,1718,3508,1,4797,428,1718,2000,64,1472,742,1784,742,1784,64,1801,428,2428,1110,5204,905,44460,15422,2687,38706,29431,24594,1,2169,13010,10189,1,1351,428,77,57940,60829,798,3088,1892,2286,428,1892,19413,436,14,81605,17,3508,1,4797,428,81605,2000,64,1472,742,1784,742,1784,64,1801,428,2428,1110,5204,905,27417,38652,27417,38652,1,2169,13010,10189,1,1351,428,77,57940,60829,798,3088,1892,2286,428,1892,19413,436,14,14799,16399,3508,1,4797,428,14799,17980,2000,64,1472,742,1784,742,1784,64,1801,428,2428,1110,5211,3147,1330,2796,4245,11225,2169,13010,10189,1,1351,428,77,57940,60829,798,3088,1892,2286,428,1892,19413,436,72356,3147,1330,2796,3508,1,4797,428,85369,72037,2000,64,1472,742,1472,360,1472,611,1472,611,1472,611,1472,2809,1472,3817,1472,611,1784,6956,536,428,9047,37803,19019,23173,23173,313,22624,3088,611,536,428,3586,5476,17422,3088,611,536,428,651,23173,563,15880,3088,611,536,428,9047,37803,19019,24960,1375,23173,563,2074,3088,611,536,428,6956,563,2102,755,23824,522,611,1784,360,536,428,6956,563,3615,4240,9029,3088,742,536,428,6956,563,1203,3088,64,536,428,6956,563,2080,6404,1,1801,5914,14120,31114,299,755,28655,3855,522,64,1472,742,1784,742,536,428,6956,563,1203,3088,64,1801,428,2428,1110,12675,27619,905,13606,25682,21485,2056,22903,30593,26189,26544,52752,11225,2169,13010,10189,1,1351,428,66106,71604,1,536,428,6956,563,2080,6404,755,9137,52752,16151,27,15196,2374,428,16,18,13,20,1,2608,428,16,18,13,20,1,7131,13306,428,1866,1,536,428,1924,25913,3939,1089,1893,52,3088,810,1801,4649,9047,58569,12,20921,8965,2000,810,1472,15196,1472,64,1472,742,1784,742,536,428,6956,563,1203,3088,64,536,428,6956,563,2080,6404,1,1801,5914,28402,14,12675,8273,5188,755,23824,19544,522,64,1472,742,1784,742,536,428,6956,563,1203,3088,64,536,428,6956,563,2080,6404,1,1801,5914,28402,14,12753,8273,5188,755,13859,19544,522,64,1472,742,1472,360,1472,611,1784,611,536,428,9047,37803,19019,24960,1375,23173,563,2074,3088,611,536,428,6956,563,2102,755,33768,522,611,1784,360,536,428,6956,563,3615,4240,9029,3088,742,536,428,6956,563,1203,3088,64,1801,428,2428,1110,42035,905,43319,76196,3556,81092,52752,1,2169,13010,10189,1,1351,428,66106,71604,1,536,428,6956,563,2080,6404,755,4336,70447,27,15196,2374,428,16,18,13,20,1,2608,428,16,18,13,20,1,7131,13306,428,1866,1,536,428,1924,25913,3939,1089,1893,52,3088,810,1801,4649,9047,58569,12,20921,8965,2000,810,1472,15196,1472,64,1472,742,1784,742,536,428,6956,563,1203,3088,64,1801,428,2428,1110,13334,39115,81092,52752,95454,539,1,2169,13010,10189,1,1351,428,66106,71604,1,536,428,6956,563,2080,6404,755,23477,539,27,15196,2374,428,16,18,13,20,1,2608,428,16,18,13,20,1,7131,13306,428,1866,1,536,428,1924,25913,3939,1089,1893,52,3088,810,1801,4649,9047,58569,12,20921,8965,2000,810,1472,15196,1472,64,1472,742,1784,742,536,428,6956,563,1203,3088,64,1801,428,2428,1110,14679,905,81092,52752,2911,1,2169,13010,10189,1,1351,428,66106,71604,1,536,428,6956,563,2080,6404,755,24862,27,15196,2374,428,16,18,13,20,1,2608,428,16,18,13,20,1,7131,13306,428,1866,1,536,428,1924,25913,3939,1089,1893,52,3088,810,1801,4649,9047,58569,12,20921,8965,2000,810,1472,15196,1472,64,1472,742,1784,742,536,428,6956,563,1203,3088,64,1801,428,2428,1110,2136,63496,905,79943,81092,52752,2911,1,2169,13010,10189,1,1351,428,66106,71604,1,536,428,6956,563,2080,6404,755,75203,27,15196,2374,428,16,18,13,20,1,2608,428,16,18,13,20,1,7131,13306,428,1866,1,536,428,1924,25913,3939,1089,1893,52,3088,810,1801,4649,9047,58569,12,20921,8965,2000,810,1472,15196,1472,64,1472,742,1472,360,1472,611,1784,611,536,428,9047,37803,19019,24960,1375,23173,563,2074,3088,611,536,428,6956,563,2102,755,7661,522,611,1784,360,536,428,6956,563,3615,4240,9029,3088,742,536,428,6956,563,1203,3088,64,1801,428,2428,1110,5204,905,3183,3929,81092,52752,1,2169,13010,10189,1,1351,428,66106,71604,1,536,428,6956,563,2080,6404,755,75615,27,15196,2374,428,16,18,13,20,1,2608,428,16,18,13,20,1,7131,13306,428,1866,1,536,428,1924,25913,3939,1089,1893,52,3088,810,1801,4649,9047,58569,12,20921,8965,2000,810,1472,15196,1472,64,1472,742,1784,742,536,428,6956,563,1203,3088,64,1801,428,2428,1110,2136,20145,905,73121,14,5459,19,21,57,73,23,79,51326,20,83,84343,77398,16,28584,22,18454,70,1,2169,13010,10189,1,1351,428,66106,71604,1,536,428,6956,563,2080,6404,755,53746,27,15196,2374,428,16,18,13,20,1,2608,428,16,18,13,20,1,7131,13306,428,1866,1,536,428,1924,25913,3939,1089,1893,52,3088,810,1801,4649,9047,58569,12,20921,8965,2000,810,1472,15196,1472,64,1472,742,1784,742,536,428,6956,563,1203,3088,64,1801,428,2428,1110,3583,2389,81092,52752,1,2169,13010,10189,1,1351,428,66106,71604,1,536,428,6956,563,2080,6404,755,26700,27,15196,2374,428,16,18,13,20,1,2608,428,16,18,13,20,1,7131,13306,428,1866,1,536,428,1924,25913,3939,1089,1893,52,3088,810,1801,4649,9047,58569,12,20921,8965,2000,810,1472,15196,1472,64,1472,742,1784,742,536,428,6956,563,1203,3088,64,536,428,6956,563,2080,6404,1,1801,5914,28402,14,2969,73253,755,54032,73253,522,64,1472,742,1472,360,1472,611,1472,611,1784,611,536,428,6956,563,14860,1467,313,3057,3088,611,536,428,6956,563,15492,755,13547,7240,220,17,15,17,21,5100,522,611,1472,611,1472,611,1472,6956,1472,611,1472,2599,1339,90526,47117,25,330,1318,28,434,3855,1837,5598,1172,279,35965,47117,11,4302,770,13,151670,151667,198,32313,11,1077,594,21403,419,3491,3019,553,3019,13,576,1196,3897,264,18051,5944,369,279,7054,52752,3910,323,264,10865,47117,25,330,1318,28,434,3855,3263,576,5795,374,311,4396,419,47117,311,2169,279,10602,2392,382,5338,11,358,1184,311,3535,1128,279,10865,47117,374,4460,311,653,13,576,4024,47117,330,1318,28,434,3855,1,4977,311,387,3330,369,1467,429,8471,448,330,37,3855,3263,4354,11,304,7054,52752,11,279,47117,19482,369,5916,448,264,3151,1467,374,330,1318,3479,16056,3263,4710,22464,518,279,18051,3897,11,279,4247,3772,702,279,1887,2265,892,374,330,9137,52752,20081,14720,835,4686,13068,7497,369,6481,3482,10500,1189,2619,594,902,1467,429,6896,8471,448,330,37,3855,1,304,279,18051,11,773,279,47117,4436,944,9271,894,5424,13,4710,1249,5046,419,11,358,1265,2297,279,47117,311,990,330,1318,3479,16056,1,4518,315,330,1318,35226,576,35965,47117,1035,387,330,1318,3479,16056,28,434,3855,3263,4710,3983,3783,11,358,1265,1083,1779,421,1052,594,894,1008,1467,304,279,18051,429,2578,387,10602,553,279,1196,13,576,1887,2265,374,330,9137,52752,20081,46844,892,3171,944,1191,448,330,37,3855,3263,2619,2578,387,1008,14158,476,5424,11,714,3118,389,279,3897,18051,11,358,1513,944,1490,894,1467,5916,448,330,37,3855,3263,4710,11209,11,279,1196,2578,387,4460,311,2169,264,3151,949,315,279,1467,11,8365,264,22848,476,264,2155,2392,13,8704,279,18051,3897,3171,944,6644,894,1467,5916,448,330,37,3855,497,7196,279,1196,10602,311,2169,264,2155,949,13,1988,2041,5107,2266,11,279,61744,26262,374,311,2297,279,47117,311,990,330,1318,3479,16056,1,438,429,594,279,4396,19482,369,5916,448,264,3151,1467,304,7054,52752,382,54815,11,279,35965,47117,1265,387,330,1318,3479,16056,28,434,3855,22956,151668,198,1318,3479,16056,28,434,3855],"total_duration":16327800700,"load_duration":107541700,"prompt_eval_count":8344,"prompt_eval_duration":4303884100,"eval_count":376,"eval_duration":11404644400}
 Healed locator: textStartsWith= F started
]]></system-out>
  </testcase>
  <testcase name="verifyHomePageHeader" classname="com.web.HomePageTest" time="0.545">
    <system-out><![CDATA[Header text: Playwright enables reliable end-to-end testing for modern web apps.
]]></system-out>
  </testcase>
</testsuite>