<?xml version="1.0" encoding="UTF-8"?>
<testng-results ignored="0" total="3" passed="3" failed="0" skipped="0">
  <reporter-output>
  </reporter-output>
  <suite started-at="2026-02-11T16:37:11 EST" name="Surefire suite" finished-at="2026-02-11T16:38:44 EST" duration-ms="92889">
    <groups>
    </groups>
    <test started-at="2026-02-11T16:37:11 EST" name="Surefire test" finished-at="2026-02-11T16:38:44 EST" duration-ms="92889">
      <class name="com.web.HomePageTest">
        <test-method is-config="true" signature="setUp()[pri:0, instance:com.web.HomePageTest@67c33749]" started-at="2026-02-11T16:37:11 EST" name="setUp" finished-at="2026-02-11T16:37:17 EST" duration-ms="5827" status="PASS">
          <reporter-output>
          </reporter-output>
        </test-method> <!-- setUp -->
        <test-method signature="validateGetStartedButtonNavigation()[pri:0, instance:com.web.HomePageTest@67c33749]" started-at="2026-02-11T16:37:17 EST" name="validateGetStartedButtonNavigation" finished-at="2026-02-11T16:38:07 EST" duration-ms="50293" status="PASS">
          <reporter-output>
          </reporter-output>
        </test-method> <!-- validateGetStartedButtonNavigation -->
        <test-method is-config="true" signature="tearDown(org.testng.ITestResult)[pri:0, instance:com.web.HomePageTest@67c33749]" started-at="2026-02-11T16:38:07 EST" name="tearDown" finished-at="2026-02-11T16:38:08 EST" duration-ms="504" status="PASS">
          <params>
            <param index="0">
              <value>
                <![CDATA[[TestResult name=validateGetStartedButtonNavigation status=SUCCESS method=HomePageTest.validateGetStartedButtonNavigation()[pri:0, instance:com.web.HomePageTest@67c33749] output={null}]]]>
              </value>
            </param>
          </params>
          <reporter-output>
          </reporter-output>
        </test-method> <!-- tearDown -->
        <test-method is-config="true" signature="setUp()[pri:0, instance:com.web.HomePageTest@67c33749]" started-at="2026-02-11T16:38:08 EST" name="setUp" finished-at="2026-02-11T16:38:10 EST" duration-ms="2349" status="PASS">
          <reporter-output>
          </reporter-output>
        </test-method> <!-- setUp -->
        <test-method signature="verifyGetStartedNavigation()[pri:0, instance:com.web.HomePageTest@67c33749]" started-at="2026-02-11T16:38:10 EST" name="verifyGetStartedNavigation" finished-at="2026-02-11T16:38:39 EST" duration-ms="29257" status="PASS">
          <reporter-output>
          </reporter-output>
        </test-method> <!-- verifyGetStartedNavigation -->
        <test-method is-config="true" signature="tearDown(org.testng.ITestResult)[pri:0, instance:com.web.HomePageTest@67c33749]" started-at="2026-02-11T16:38:39 EST" name="tearDown" finished-at="2026-02-11T16:38:40 EST" duration-ms="585" status="PASS">
          <params>
            <param index="0">
              <value>
                <![CDATA[[TestResult name=verifyGetStartedNavigation status=SUCCESS method=HomePageTest.verifyGetStartedNavigation()[pri:0, instance:com.web.HomePageTest@67c33749] output={null}]]]>
              </value>
            </param>
          </params>
          <reporter-output>
          </reporter-output>
        </test-method> <!-- tearDown -->
        <test-method is-config="true" signature="setUp()[pri:0, instance:com.web.HomePageTest@67c33749]" started-at="2026-02-11T16:38:40 EST" name="setUp" finished-at="2026-02-11T16:38:42 EST" duration-ms="2453" status="PASS">
          <reporter-output>
          </reporter-output>
        </test-method> <!-- setUp -->
        <test-method signature="verifyHomePageHeader()[pri:0, instance:com.web.HomePageTest@67c33749]" started-at="2026-02-11T16:38:42 EST" name="verifyHomePageHeader" finished-at="2026-02-11T16:38:43 EST" duration-ms="921" status="PASS">
          <reporter-output>
          </reporter-output>
        </test-method> <!-- verifyHomePageHeader -->
        <test-method is-config="true" signature="tearDown(org.testng.ITestResult)[pri:0, instance:com.web.HomePageTest@67c33749]" started-at="2026-02-11T16:38:43 EST" name="tearDown" finished-at="2026-02-11T16:38:44 EST" duration-ms="515" status="PASS">
          <params>
            <param index="0">
              <value>
                <![CDATA[[TestResult name=verifyHomePageHeader status=SUCCESS method=HomePageTest.verifyHomePageHeader()[pri:0, instance:com.web.HomePageTest@67c33749] output={null}]]]>
              </value>
            </param>
          </params>
          <reporter-output>
          </reporter-output>
        </test-method> <!-- tearDown -->
      </class> <!-- com.web.HomePageTest -->
    </test> <!-- Surefire test -->
  </suite> <!-- Surefire suite -->
</testng-results>
