<?xml version="1.0" encoding="UTF-8"?>
<!-- Generated by org.testng.reporters.JUnitReportReporter -->
<testsuite hostname="LAPTOP-8NLP0KEN" failures="0" tests="2" name="com.playwright.api.EndpointTest" time="2.384" errors="0" timestamp="2026-02-08T02:30:48 EST" skipped="0">
  <testcase classname="com.playwright.api.EndpointTest" name="getAllObjectsTest" time="1.969"/>
  <testcase classname="com.playwright.api.EndpointTest" name="getObjectByIdTest" time="0.415"/>
</testsuite> <!-- com.playwright.api.EndpointTest -->
