<?xml version="1.0" encoding="UTF-8"?>
<!-- Generated by org.testng.reporters.JUnitXMLReporter -->
<testsuite ignored="0" hostname="LAPTOP-8NLP0KEN" failures="1" tests="1" name="Surefire test" time="18.236" errors="0" timestamp="2026-03-02T19:57:06 EST">
  <testcase classname="com.mobile.tests.CalculatorTest" name="testAddition" time="4.256">
    <failure type="java.lang.AssertionError" message="Addition result is incorrect expected [6] but found [96]">
      <![CDATA[java.lang.AssertionError: Addition result is incorrect expected [6] but found [96]
at com.mobile.tests.CalculatorTest.testAddition(CalculatorTest.java:52)
at java.base/java.util.ArrayList.forEach(ArrayList.java:1597)
... Removed 35 stack frames]]>
    </failure>
  </testcase> <!-- testAddition -->
</testsuite> <!-- Surefire test -->
