<?xml version="1.0" encoding="UTF-8"?>
<!-- Generated by org.testng.reporters.JUnitReportReporter -->
<testsuite hostname="LAPTOP-8NLP0KEN" failures="0" tests="2" name="com.api.tests.EndpointTest" time="7.312" errors="0" timestamp="2026-02-11T16:39:02 EST" skipped="0">
  <testcase classname="com.api.tests.EndpointTest" name="getObjectByIdTest" time="0.454"/>
  <testcase classname="com.api.tests.EndpointTest" name="getAllObjectsTest" time="6.858"/>
</testsuite> <!-- com.api.tests.EndpointTest -->
